2012_05_12 14:49:07.359
	Начало логирования.
2012_05_12 14:49:07.625
	Загрузка карты началась.
2012_05_12 14:49:25.500
	Началась загрузка моделей.
2012_05_12 14:49:25.500
	Не удалось загрузить модель ..
2012_05_12 14:49:25.500
	Не удалось проинициализировать модель: ..
2012_05_12 14:49:25.500
	Не удалось загрузить модель ..
2012_05_12 14:49:25.500
	Не удалось проинициализировать модель: ..
2012_05_12 14:49:25.500
	Не удалось загрузить модель ..
2012_05_12 14:49:25.500
	Не удалось проинициализировать модель: ..
2012_05_12 14:49:25.500
	Загрузка моделей завершена.
2012_05_12 14:49:30.515
	Загрузка карты завершена.
2012_05_12 14:49:30.515
	Отослан корректирующий пакет.
2012_05_12 14:49:30.578
	Начался бой.
