12:23:16  |  Platform  |  Info  |  * Initialise: RenderManager  |  d:\myprojects\multiplayer\platforms\directx\directxplatform\src\mygui_directxrendermanager.cpp  |  28
12:23:16  |  Platform  |  Info  |  RenderManager successfully initialized  |  d:\myprojects\multiplayer\platforms\directx\directxplatform\src\mygui_directxrendermanager.cpp  |  54
12:23:16  |  Platform  |  Info  |  * Initialise: DataManager  |  d:\myprojects\multiplayer\platforms\directx\directxplatform\src\mygui_directxdatamanager.cpp  |  24
12:23:16  |  Platform  |  Info  |  DataManager successfully initialized  |  d:\myprojects\multiplayer\platforms\directx\directxplatform\src\mygui_directxdatamanager.cpp  |  26
12:23:16  |  Core  |  Info  |  * Initialise: Gui  |  d:\MyProjects\multiPlayer\MyGUIEngine\src\MyGUI_Gui.cpp  |  76
12:23:16  |  Core  |  Info  |  * MyGUI version 3.2.0  |  d:\MyProjects\multiPlayer\MyGUIEngine\src\MyGUI_Gui.cpp  |  88
12:23:16  |  Core  |  Info  |  * Initialise: ResourceManager  |  d:\MyProjects\multiPlayer\MyGUIEngine\src\MyGUI_ResourceManager.cpp  |  47
12:23:16  |  Core  |  Info  |  ResourceManager successfully initialized  |  d:\MyProjects\multiPlayer\MyGUIEngine\src\MyGUI_ResourceManager.cpp  |  55
12:23:16  |  Core  |  Info  |  * Initialise: LayerManager  |  d:\MyProjects\multiPlayer\MyGUIEngine\src\MyGUI_LayerManager.cpp  |  48
12:23:16  |  Core  |  Info  |  LayerManager successfully initialized  |  d:\MyProjects\multiPlayer\MyGUIEngine\src\MyGUI_LayerManager.cpp  |  56
12:23:16  |  Core  |  Info  |  * Initialise: WidgetManager  |  d:\MyProjects\multiPlayer\MyGUIEngine\src\MyGUI_WidgetManager.cpp  |  68
12:23:16  |  Core  |  Info  |  WidgetManager successfully initialized  |  d:\MyProjects\multiPlayer\MyGUIEngine\src\MyGUI_WidgetManager.cpp  |  99
12:23:16  |  Core  |  Info  |  * Initialise: InputManager  |  d:\MyProjects\multiPlayer\MyGUIEngine\src\MyGUI_InputManager.cpp  |  59
12:23:16  |  Core  |  Info  |  InputManager successfully initialized  |  d:\MyProjects\multiPlayer\MyGUIEngine\src\MyGUI_InputManager.cpp  |  79
12:23:16  |  Core  |  Info  |  * Initialise: SubWidgetManager  |  d:\MyProjects\multiPlayer\MyGUIEngine\src\MyGUI_SubWidgetManager.cpp  |  51
12:23:16  |  Core  |  Info  |  SubWidgetManager successfully initialized  |  d:\MyProjects\multiPlayer\MyGUIEngine\src\MyGUI_SubWidgetManager.cpp  |  71
12:23:16  |  Core  |  Info  |  * Initialise: SkinManager  |  d:\MyProjects\multiPlayer\MyGUIEngine\src\MyGUI_SkinManager.cpp  |  51
12:23:16  |  Core  |  Info  |  SkinManager successfully initialized  |  d:\MyProjects\multiPlayer\MyGUIEngine\src\MyGUI_SkinManager.cpp  |  61
12:23:16  |  Core  |  Info  |  * Initialise: FontManager  |  d:\MyProjects\multiPlayer\MyGUIEngine\src\MyGUI_FontManager.cpp  |  47
12:23:16  |  Core  |  Info  |  FontManager successfully initialized  |  d:\MyProjects\multiPlayer\MyGUIEngine\src\MyGUI_FontManager.cpp  |  57
12:23:16  |  Core  |  Info  |  * Initialise: ControllerManager  |  d:\MyProjects\multiPlayer\MyGUIEngine\src\MyGUI_ControllerManager.cpp  |  47
12:23:16  |  Core  |  Info  |  ControllerManager successfully initialized  |  d:\MyProjects\multiPlayer\MyGUIEngine\src\MyGUI_ControllerManager.cpp  |  55
12:23:16  |  Core  |  Info  |  * Initialise: PointerManager  |  d:\MyProjects\multiPlayer\MyGUIEngine\src\MyGUI_PointerManager.cpp  |  58
12:23:16  |  Core  |  Info  |  PointerManager successfully initialized  |  d:\MyProjects\multiPlayer\MyGUIEngine\src\MyGUI_PointerManager.cpp  |  77
12:23:16  |  Core  |  Info  |  * Initialise: ClipboardManager  |  d:\MyProjects\multiPlayer\MyGUIEngine\src\MyGUI_ClipboardManager.cpp  |  87
12:23:16  |  Core  |  Info  |  ClipboardManager successfully initialized  |  d:\MyProjects\multiPlayer\MyGUIEngine\src\MyGUI_ClipboardManager.cpp  |  101
12:23:16  |  Core  |  Info  |  * Initialise: LayoutManager  |  d:\MyProjects\multiPlayer\MyGUIEngine\src\MyGUI_LayoutManager.cpp  |  43
12:23:16  |  Core  |  Info  |  LayoutManager successfully initialized  |  d:\MyProjects\multiPlayer\MyGUIEngine\src\MyGUI_LayoutManager.cpp  |  50
12:23:16  |  Core  |  Info  |  * Initialise: DynLibManager  |  d:\MyProjects\multiPlayer\MyGUIEngine\src\MyGUI_DynLibManager.cpp  |  41
12:23:16  |  Core  |  Info  |  DynLibManager successfully initialized  |  d:\MyProjects\multiPlayer\MyGUIEngine\src\MyGUI_DynLibManager.cpp  |  45
12:23:16  |  Core  |  Info  |  * Initialise: PluginManager  |  d:\MyProjects\multiPlayer\MyGUIEngine\src\MyGUI_PluginManager.cpp  |  45
12:23:16  |  Core  |  Info  |  PluginManager successfully initialized  |  d:\MyProjects\multiPlayer\MyGUIEngine\src\MyGUI_PluginManager.cpp  |  49
12:23:16  |  Core  |  Info  |  * Initialise: LanguageManager  |  d:\MyProjects\multiPlayer\MyGUIEngine\src\MyGUI_LanguageManager.cpp  |  45
12:23:16  |  Core  |  Info  |  LanguageManager successfully initialized  |  d:\MyProjects\multiPlayer\MyGUIEngine\src\MyGUI_LanguageManager.cpp  |  49
12:23:16  |  Core  |  Info  |  * Initialise: FactoryManager  |  d:\MyProjects\multiPlayer\MyGUIEngine\src\MyGUI_FactoryManager.cpp  |  40
12:23:16  |  Core  |  Info  |  FactoryManager successfully initialized  |  d:\MyProjects\multiPlayer\MyGUIEngine\src\MyGUI_FactoryManager.cpp  |  42
12:23:16  |  Core  |  Info  |  * Initialise: ToolTipManager  |  d:\MyProjects\multiPlayer\MyGUIEngine\src\MyGUI_ToolTipManager.cpp  |  48
12:23:16  |  Core  |  Info  |  ToolTipManager successfully initialized  |  d:\MyProjects\multiPlayer\MyGUIEngine\src\MyGUI_ToolTipManager.cpp  |  60
12:23:16  |  Core  |  Info  |  Load ini file 'MyGUI_GeneratedFonts.xml'  |  d:\MyProjects\multiPlayer\MyGUIEngine\src\MyGUI_ResourceManager.cpp  |  129
12:23:16  |  Core  |  Info  |  Load ini file 'MyGUI_Fonts.xml'  |  d:\MyProjects\multiPlayer\MyGUIEngine\src\MyGUI_ResourceManager.cpp  |  129
12:23:16  |  Core  |  Error  |  ResourceTrueTypeFont: TrueType font 'DejaVuSansFont_15' disabled. Define MYGUI_USE_FREETYE if you need TrueType fonts.  |  d:\MyProjects\multiPlayer\MyGUIEngine\src\MyGUI_ResourceTrueTypeFont.cpp  |  72
12:23:16  |  Core  |  Info  |  Load ini file 'MyGUI_CommonSkins.xml'  |  d:\MyProjects\multiPlayer\MyGUIEngine\src\MyGUI_ResourceManager.cpp  |  129
12:23:16  |  Core  |  Info  |  Register value : 'HCenter' = 0  |  d:\myprojects\multiplayer\myguiengine\include\MyGUI_Align.h  |  243
12:23:16  |  Core  |  Info  |  Register value : 'VCenter' = 0  |  d:\myprojects\multiplayer\myguiengine\include\MyGUI_Align.h  |  244
12:23:16  |  Core  |  Info  |  Register value : 'Center' = 0  |  d:\myprojects\multiplayer\myguiengine\include\MyGUI_Align.h  |  245
12:23:16  |  Core  |  Info  |  Register value : 'Left' = 2  |  d:\myprojects\multiplayer\myguiengine\include\MyGUI_Align.h  |  246
12:23:16  |  Core  |  Info  |  Register value : 'Right' = 4  |  d:\myprojects\multiplayer\myguiengine\include\MyGUI_Align.h  |  247
12:23:16  |  Core  |  Info  |  Register value : 'HStretch' = 6  |  d:\myprojects\multiplayer\myguiengine\include\MyGUI_Align.h  |  248
12:23:16  |  Core  |  Info  |  Register value : 'Top' = 8  |  d:\myprojects\multiplayer\myguiengine\include\MyGUI_Align.h  |  249
12:23:16  |  Core  |  Info  |  Register value : 'Bottom' = 16  |  d:\myprojects\multiplayer\myguiengine\include\MyGUI_Align.h  |  250
12:23:16  |  Core  |  Info  |  Register value : 'VStretch' = 24  |  d:\myprojects\multiplayer\myguiengine\include\MyGUI_Align.h  |  251
12:23:16  |  Core  |  Info  |  Register value : 'Stretch' = 30  |  d:\myprojects\multiplayer\myguiengine\include\MyGUI_Align.h  |  252
12:23:16  |  Core  |  Info  |  Register value : 'Default' = 10  |  d:\myprojects\multiplayer\myguiengine\include\MyGUI_Align.h  |  253
12:23:16  |  Core  |  Info  |  Load ini file 'MyGUI_BlueWhiteTheme.xml'  |  d:\MyProjects\multiPlayer\MyGUIEngine\src\MyGUI_ResourceManager.cpp  |  129
12:23:16  |  Core  |  Info  |  Load ini file 'MyGUI_BlueWhiteImages.xml'  |  d:\MyProjects\multiPlayer\MyGUIEngine\src\MyGUI_ResourceManager.cpp  |  129
12:23:16  |  Core  |  Info  |  Load ini file 'MyGUI_BlueWhiteSkins.xml'  |  d:\MyProjects\multiPlayer\MyGUIEngine\src\MyGUI_ResourceManager.cpp  |  129
12:23:16  |  Core  |  Info  |  Load ini file 'MyGUI_BlueWhiteTemplates.xml'  |  d:\MyProjects\multiPlayer\MyGUIEngine\src\MyGUI_ResourceManager.cpp  |  129
12:23:16  |  Core  |  Info  |  Load ini file 'MyGUI_PointerImages.xml'  |  d:\MyProjects\multiPlayer\MyGUIEngine\src\MyGUI_ResourceManager.cpp  |  129
12:23:16  |  Core  |  Info  |  Load ini file 'MyGUI_Pointers.xml'  |  d:\MyProjects\multiPlayer\MyGUIEngine\src\MyGUI_ResourceManager.cpp  |  129
12:23:16  |  Core  |  Info  |  Load ini file 'MyGUI_Layers.xml'  |  d:\MyProjects\multiPlayer\MyGUIEngine\src\MyGUI_ResourceManager.cpp  |  129
12:23:16  |  Core  |  Info  |  Load ini file 'MyGUI_Settings.xml'  |  d:\MyProjects\multiPlayer\MyGUIEngine\src\MyGUI_ResourceManager.cpp  |  129
12:23:16  |  Core  |  Info  |  Gui successfully initialized  |  d:\MyProjects\multiPlayer\MyGUIEngine\src\MyGUI_Gui.cpp  |  134
12:23:17  |  Core  |  Warning  |  dublicate resource name 'arrow'  |  d:\MyProjects\multiPlayer\MyGUIEngine\src\MyGUI_ResourceManager.cpp  |  107
12:23:17  |  Core  |  Warning  |  dublicate resource name 'beam'  |  d:\MyProjects\multiPlayer\MyGUIEngine\src\MyGUI_ResourceManager.cpp  |  107
12:23:17  |  Core  |  Warning  |  dublicate resource name 'size_left'  |  d:\MyProjects\multiPlayer\MyGUIEngine\src\MyGUI_ResourceManager.cpp  |  107
12:23:17  |  Core  |  Warning  |  dublicate resource name 'size_right'  |  d:\MyProjects\multiPlayer\MyGUIEngine\src\MyGUI_ResourceManager.cpp  |  107
12:23:17  |  Core  |  Warning  |  dublicate resource name 'size_horz'  |  d:\MyProjects\multiPlayer\MyGUIEngine\src\MyGUI_ResourceManager.cpp  |  107
12:23:17  |  Core  |  Warning  |  dublicate resource name 'size_vert'  |  d:\MyProjects\multiPlayer\MyGUIEngine\src\MyGUI_ResourceManager.cpp  |  107
12:23:17  |  Core  |  Warning  |  dublicate resource name 'hand'  |  d:\MyProjects\multiPlayer\MyGUIEngine\src\MyGUI_ResourceManager.cpp  |  107
12:23:17  |  Core  |  Warning  |  dublicate resource name 'link'  |  d:\MyProjects\multiPlayer\MyGUIEngine\src\MyGUI_ResourceManager.cpp  |  107
12:23:17  |  Platform  |  Info  |  device D3D lost  |  d:\myprojects\multiplayer\platforms\directx\directxplatform\src\mygui_directxrendermanager.cpp  |  260
12:23:17  |  Platform  |  Info  |  device D3D restore  |  d:\myprojects\multiplayer\platforms\directx\directxplatform\src\mygui_directxrendermanager.cpp  |  270
12:23:17  |  Core  |  Info  |  Load ini file 'MyGUI_BlackBlueImages.xml'  |  d:\MyProjects\multiPlayer\MyGUIEngine\src\MyGUI_ResourceManager.cpp  |  129
12:23:17  |  Core  |  Warning  |  dublicate resource name 'MultiListButtonImage'  |  d:\MyProjects\multiPlayer\MyGUIEngine\src\MyGUI_ResourceManager.cpp  |  107
12:23:17  |  Core  |  Info  |  Load ini file 'MyGUI_BlackBlueSkins.xml'  |  d:\MyProjects\multiPlayer\MyGUIEngine\src\MyGUI_ResourceManager.cpp  |  129
12:23:17  |  Core  |  Warning  |  dublicate resource name 'CheckBoxSkin'  |  d:\MyProjects\multiPlayer\MyGUIEngine\src\MyGUI_ResourceManager.cpp  |  107
12:23:17  |  Core  |  Warning  |  dublicate resource name 'RadioButtonSkin'  |  d:\MyProjects\multiPlayer\MyGUIEngine\src\MyGUI_ResourceManager.cpp  |  107
12:23:17  |  Core  |  Warning  |  dublicate resource name 'ButtonCloseSkin'  |  d:\MyProjects\multiPlayer\MyGUIEngine\src\MyGUI_ResourceManager.cpp  |  107
12:23:17  |  Core  |  Warning  |  dublicate resource name 'ButtonDownSkin'  |  d:\MyProjects\multiPlayer\MyGUIEngine\src\MyGUI_ResourceManager.cpp  |  107
12:23:17  |  Core  |  Warning  |  dublicate resource name 'ButtonUpSkin'  |  d:\MyProjects\multiPlayer\MyGUIEngine\src\MyGUI_ResourceManager.cpp  |  107
12:23:17  |  Core  |  Warning  |  dublicate resource name 'ButtonLeftSkin'  |  d:\MyProjects\multiPlayer\MyGUIEngine\src\MyGUI_ResourceManager.cpp  |  107
12:23:17  |  Core  |  Warning  |  dublicate resource name 'ButtonRightSkin'  |  d:\MyProjects\multiPlayer\MyGUIEngine\src\MyGUI_ResourceManager.cpp  |  107
12:23:17  |  Core  |  Warning  |  dublicate resource name 'SliderTrackVSkin'  |  d:\MyProjects\multiPlayer\MyGUIEngine\src\MyGUI_ResourceManager.cpp  |  107
12:23:17  |  Core  |  Warning  |  dublicate resource name 'ScrollTrackVSkin'  |  d:\MyProjects\multiPlayer\MyGUIEngine\src\MyGUI_ResourceManager.cpp  |  107
12:23:17  |  Core  |  Warning  |  dublicate resource name 'SliderTrackHSkin'  |  d:\MyProjects\multiPlayer\MyGUIEngine\src\MyGUI_ResourceManager.cpp  |  107
12:23:17  |  Core  |  Warning  |  dublicate resource name 'ScrollTrackHSkin'  |  d:\MyProjects\multiPlayer\MyGUIEngine\src\MyGUI_ResourceManager.cpp  |  107
12:23:17  |  Core  |  Warning  |  dublicate resource name 'ButtonSkin'  |  d:\MyProjects\multiPlayer\MyGUIEngine\src\MyGUI_ResourceManager.cpp  |  107
12:23:17  |  Core  |  Warning  |  dublicate resource name 'ButtonEmptySkin'  |  d:\MyProjects\multiPlayer\MyGUIEngine\src\MyGUI_ResourceManager.cpp  |  107
12:23:17  |  Core  |  Warning  |  dublicate resource name 'EditBoxSkin'  |  d:\MyProjects\multiPlayer\MyGUIEngine\src\MyGUI_ResourceManager.cpp  |  107
12:23:17  |  Core  |  Warning  |  dublicate resource name 'MenuBarSkin'  |  d:\MyProjects\multiPlayer\MyGUIEngine\src\MyGUI_ResourceManager.cpp  |  107
12:23:17  |  Core  |  Warning  |  dublicate resource name 'MenuItemSkin'  |  d:\MyProjects\multiPlayer\MyGUIEngine\src\MyGUI_ResourceManager.cpp  |  107
12:23:17  |  Core  |  Warning  |  dublicate resource name 'ScrollPanelHSkin'  |  d:\MyProjects\multiPlayer\MyGUIEngine\src\MyGUI_ResourceManager.cpp  |  107
12:23:17  |  Core  |  Warning  |  dublicate resource name 'ScrollPanelVSkin'  |  d:\MyProjects\multiPlayer\MyGUIEngine\src\MyGUI_ResourceManager.cpp  |  107
12:23:17  |  Core  |  Warning  |  dublicate resource name 'ListBoxItemSkin'  |  d:\MyProjects\multiPlayer\MyGUIEngine\src\MyGUI_ResourceManager.cpp  |  107
12:23:17  |  Core  |  Warning  |  dublicate resource name 'SepDownHSkin'  |  d:\MyProjects\multiPlayer\MyGUIEngine\src\MyGUI_ResourceManager.cpp  |  107
12:23:17  |  Core  |  Warning  |  dublicate resource name 'SepUpHSkin'  |  d:\MyProjects\multiPlayer\MyGUIEngine\src\MyGUI_ResourceManager.cpp  |  107
12:23:17  |  Core  |  Warning  |  dublicate resource name 'SepDownVSkin'  |  d:\MyProjects\multiPlayer\MyGUIEngine\src\MyGUI_ResourceManager.cpp  |  107
12:23:17  |  Core  |  Warning  |  dublicate resource name 'SepUpVSkin'  |  d:\MyProjects\multiPlayer\MyGUIEngine\src\MyGUI_ResourceManager.cpp  |  107
12:23:17  |  Core  |  Warning  |  dublicate resource name 'ClientDefaultSkin'  |  d:\MyProjects\multiPlayer\MyGUIEngine\src\MyGUI_ResourceManager.cpp  |  107
12:23:17  |  Core  |  Warning  |  dublicate resource name 'ClientTileSkin'  |  d:\MyProjects\multiPlayer\MyGUIEngine\src\MyGUI_ResourceManager.cpp  |  107
12:23:17  |  Core  |  Warning  |  dublicate resource name 'PanelSkin'  |  d:\MyProjects\multiPlayer\MyGUIEngine\src\MyGUI_ResourceManager.cpp  |  107
12:23:17  |  Core  |  Warning  |  dublicate resource name 'WhiteSkin'  |  d:\MyProjects\multiPlayer\MyGUIEngine\src\MyGUI_ResourceManager.cpp  |  107
12:23:17  |  Core  |  Warning  |  dublicate resource name 'CaptionEmptySkin'  |  d:\MyProjects\multiPlayer\MyGUIEngine\src\MyGUI_ResourceManager.cpp  |  107
12:23:17  |  Core  |  Warning  |  dublicate resource name 'CaptionSkin'  |  d:\MyProjects\multiPlayer\MyGUIEngine\src\MyGUI_ResourceManager.cpp  |  107
12:23:17  |  Core  |  Warning  |  dublicate resource name 'CaptionWithButtonSkin'  |  d:\MyProjects\multiPlayer\MyGUIEngine\src\MyGUI_ResourceManager.cpp  |  107
12:23:17  |  Core  |  Warning  |  dublicate resource name 'WindowFrameSkin'  |  d:\MyProjects\multiPlayer\MyGUIEngine\src\MyGUI_ResourceManager.cpp  |  107
12:23:17  |  Core  |  Warning  |  dublicate resource name 'WindowResizeLeftDownSkin'  |  d:\MyProjects\multiPlayer\MyGUIEngine\src\MyGUI_ResourceManager.cpp  |  107
12:23:17  |  Core  |  Warning  |  dublicate resource name 'WindowResizeRightDownSkin'  |  d:\MyProjects\multiPlayer\MyGUIEngine\src\MyGUI_ResourceManager.cpp  |  107
12:23:17  |  Core  |  Warning  |  dublicate resource name 'TabHeaderButtonSkin'  |  d:\MyProjects\multiPlayer\MyGUIEngine\src\MyGUI_ResourceManager.cpp  |  107
12:23:17  |  Core  |  Warning  |  dublicate resource name 'TabHeaderEmptySkin'  |  d:\MyProjects\multiPlayer\MyGUIEngine\src\MyGUI_ResourceManager.cpp  |  107
12:23:17  |  Core  |  Warning  |  dublicate resource name 'TabPanelSkin'  |  d:\MyProjects\multiPlayer\MyGUIEngine\src\MyGUI_ResourceManager.cpp  |  107
12:23:17  |  Core  |  Warning  |  dublicate resource name 'MenuItemNormalSkin'  |  d:\MyProjects\multiPlayer\MyGUIEngine\src\MyGUI_ResourceManager.cpp  |  107
12:23:17  |  Core  |  Warning  |  dublicate resource name 'MenuItemPopupButtonSkin'  |  d:\MyProjects\multiPlayer\MyGUIEngine\src\MyGUI_ResourceManager.cpp  |  107
12:23:17  |  Core  |  Warning  |  dublicate resource name 'MenuItemCheckButtonSkin'  |  d:\MyProjects\multiPlayer\MyGUIEngine\src\MyGUI_ResourceManager.cpp  |  107
12:23:17  |  Core  |  Warning  |  dublicate resource name 'ProgressBarTrackHSkin'  |  d:\MyProjects\multiPlayer\MyGUIEngine\src\MyGUI_ResourceManager.cpp  |  107
12:23:17  |  Core  |  Warning  |  dublicate resource name 'MultiListButtonSkin'  |  d:\MyProjects\multiPlayer\MyGUIEngine\src\MyGUI_ResourceManager.cpp  |  107
12:23:17  |  Core  |  Info  |  Load ini file 'MyGUI_BlackBlueTemplates.xml'  |  d:\MyProjects\multiPlayer\MyGUIEngine\src\MyGUI_ResourceManager.cpp  |  129
12:23:17  |  Core  |  Warning  |  dublicate resource name 'CheckBox'  |  d:\MyProjects\multiPlayer\MyGUIEngine\src\MyGUI_ResourceManager.cpp  |  107
12:23:17  |  Core  |  Warning  |  dublicate resource name 'RadioButton'  |  d:\MyProjects\multiPlayer\MyGUIEngine\src\MyGUI_ResourceManager.cpp  |  107
12:23:17  |  Core  |  Warning  |  dublicate resource name 'ScrollBarH'  |  d:\MyProjects\multiPlayer\MyGUIEngine\src\MyGUI_ResourceManager.cpp  |  107
12:23:17  |  Core  |  Warning  |  dublicate resource name 'ScrollBarV'  |  d:\MyProjects\multiPlayer\MyGUIEngine\src\MyGUI_ResourceManager.cpp  |  107
12:23:17  |  Core  |  Warning  |  dublicate resource name 'SliderH'  |  d:\MyProjects\multiPlayer\MyGUIEngine\src\MyGUI_ResourceManager.cpp  |  107
12:23:17  |  Core  |  Warning  |  dublicate resource name 'SliderV'  |  d:\MyProjects\multiPlayer\MyGUIEngine\src\MyGUI_ResourceManager.cpp  |  107
12:23:17  |  Core  |  Warning  |  dublicate resource name 'SliderHEmpty'  |  d:\MyProjects\multiPlayer\MyGUIEngine\src\MyGUI_ResourceManager.cpp  |  107
12:23:17  |  Core  |  Warning  |  dublicate resource name 'SliderVEmpty'  |  d:\MyProjects\multiPlayer\MyGUIEngine\src\MyGUI_ResourceManager.cpp  |  107
12:23:17  |  Core  |  Warning  |  dublicate resource name 'Button'  |  d:\MyProjects\multiPlayer\MyGUIEngine\src\MyGUI_ResourceManager.cpp  |  107
12:23:17  |  Core  |  Warning  |  dublicate resource name 'ButtonImage'  |  d:\MyProjects\multiPlayer\MyGUIEngine\src\MyGUI_ResourceManager.cpp  |  107
12:23:17  |  Core  |  Warning  |  dublicate resource name 'TextBox'  |  d:\MyProjects\multiPlayer\MyGUIEngine\src\MyGUI_ResourceManager.cpp  |  107
12:23:17  |  Core  |  Warning  |  dublicate resource name 'EditBox'  |  d:\MyProjects\multiPlayer\MyGUIEngine\src\MyGUI_ResourceManager.cpp  |  107
12:23:17  |  Core  |  Warning  |  dublicate resource name 'EditBoxStretch'  |  d:\MyProjects\multiPlayer\MyGUIEngine\src\MyGUI_ResourceManager.cpp  |  107
12:23:17  |  Core  |  Warning  |  dublicate resource name 'EditBoxEmpty'  |  d:\MyProjects\multiPlayer\MyGUIEngine\src\MyGUI_ResourceManager.cpp  |  107
12:23:17  |  Core  |  Warning  |  dublicate resource name 'WordWrapEmpty'  |  d:\MyProjects\multiPlayer\MyGUIEngine\src\MyGUI_ResourceManager.cpp  |  107
12:23:17  |  Core  |  Warning  |  dublicate resource name 'ComboBox'  |  d:\MyProjects\multiPlayer\MyGUIEngine\src\MyGUI_ResourceManager.cpp  |  107
12:23:17  |  Core  |  Warning  |  dublicate resource name 'Window'  |  d:\MyProjects\multiPlayer\MyGUIEngine\src\MyGUI_ResourceManager.cpp  |  107
12:23:17  |  Core  |  Warning  |  dublicate resource name 'WindowC'  |  d:\MyProjects\multiPlayer\MyGUIEngine\src\MyGUI_ResourceManager.cpp  |  107
12:23:17  |  Core  |  Warning  |  dublicate resource name 'WindowCS'  |  d:\MyProjects\multiPlayer\MyGUIEngine\src\MyGUI_ResourceManager.cpp  |  107
12:23:17  |  Core  |  Warning  |  dublicate resource name 'WindowCX'  |  d:\MyProjects\multiPlayer\MyGUIEngine\src\MyGUI_ResourceManager.cpp  |  107
12:23:17  |  Core  |  Warning  |  dublicate resource name 'WindowCSX'  |  d:\MyProjects\multiPlayer\MyGUIEngine\src\MyGUI_ResourceManager.cpp  |  107
12:23:17  |  Core  |  Warning  |  dublicate resource name 'MenuBar'  |  d:\MyProjects\multiPlayer\MyGUIEngine\src\MyGUI_ResourceManager.cpp  |  107
12:23:17  |  Core  |  Warning  |  dublicate resource name 'MenuBarButton'  |  d:\MyProjects\multiPlayer\MyGUIEngine\src\MyGUI_ResourceManager.cpp  |  107
12:23:17  |  Core  |  Warning  |  dublicate resource name 'MenuBarSeparator'  |  d:\MyProjects\multiPlayer\MyGUIEngine\src\MyGUI_ResourceManager.cpp  |  107
12:23:17  |  Core  |  Warning  |  dublicate resource name 'PopupMenu'  |  d:\MyProjects\multiPlayer\MyGUIEngine\src\MyGUI_ResourceManager.cpp  |  107
12:23:17  |  Core  |  Warning  |  dublicate resource name 'PopupMenuSeparator'  |  d:\MyProjects\multiPlayer\MyGUIEngine\src\MyGUI_ResourceManager.cpp  |  107
12:23:17  |  Core  |  Warning  |  dublicate resource name 'PopupMenuNormal'  |  d:\MyProjects\multiPlayer\MyGUIEngine\src\MyGUI_ResourceManager.cpp  |  107
12:23:17  |  Core  |  Warning  |  dublicate resource name 'PopupMenuPopup'  |  d:\MyProjects\multiPlayer\MyGUIEngine\src\MyGUI_ResourceManager.cpp  |  107
12:23:17  |  Core  |  Warning  |  dublicate resource name 'ProgressBar'  |  d:\MyProjects\multiPlayer\MyGUIEngine\src\MyGUI_ResourceManager.cpp  |  107
12:23:17  |  Core  |  Warning  |  dublicate resource name 'ProgressBarFill'  |  d:\MyProjects\multiPlayer\MyGUIEngine\src\MyGUI_ResourceManager.cpp  |  107
12:23:17  |  Core  |  Warning  |  dublicate resource name 'ListBoxItem'  |  d:\MyProjects\multiPlayer\MyGUIEngine\src\MyGUI_ResourceManager.cpp  |  107
12:23:17  |  Core  |  Warning  |  dublicate resource name 'ListBox'  |  d:\MyProjects\multiPlayer\MyGUIEngine\src\MyGUI_ResourceManager.cpp  |  107
12:23:17  |  Core  |  Warning  |  dublicate resource name 'ItemBox'  |  d:\MyProjects\multiPlayer\MyGUIEngine\src\MyGUI_ResourceManager.cpp  |  107
12:23:17  |  Core  |  Warning  |  dublicate resource name 'ItemBoxEmpty'  |  d:\MyProjects\multiPlayer\MyGUIEngine\src\MyGUI_ResourceManager.cpp  |  107
12:23:17  |  Core  |  Warning  |  dublicate resource name 'ScrollView'  |  d:\MyProjects\multiPlayer\MyGUIEngine\src\MyGUI_ResourceManager.cpp  |  107
12:23:17  |  Core  |  Warning  |  dublicate resource name 'ScrollViewEmpty'  |  d:\MyProjects\multiPlayer\MyGUIEngine\src\MyGUI_ResourceManager.cpp  |  107
12:23:17  |  Core  |  Warning  |  dublicate resource name 'TabHeaderButton'  |  d:\MyProjects\multiPlayer\MyGUIEngine\src\MyGUI_ResourceManager.cpp  |  107
12:23:17  |  Core  |  Warning  |  dublicate resource name 'TabControl'  |  d:\MyProjects\multiPlayer\MyGUIEngine\src\MyGUI_ResourceManager.cpp  |  107
12:23:17  |  Core  |  Warning  |  dublicate resource name 'MultiListBox'  |  d:\MyProjects\multiPlayer\MyGUIEngine\src\MyGUI_ResourceManager.cpp  |  107
12:23:17  |  Core  |  Warning  |  dublicate resource name 'MultiListButton'  |  d:\MyProjects\multiPlayer\MyGUIEngine\src\MyGUI_ResourceManager.cpp  |  107
12:23:17  |  Core  |  Warning  |  dublicate resource name 'MultiSubListBox'  |  d:\MyProjects\multiPlayer\MyGUIEngine\src\MyGUI_ResourceManager.cpp  |  107
12:23:17  |  Platform  |  Info  |  device D3D lost  |  d:\myprojects\multiplayer\platforms\directx\directxplatform\src\mygui_directxrendermanager.cpp  |  260
12:23:17  |  Platform  |  Info  |  device D3D restore  |  d:\myprojects\multiplayer\platforms\directx\directxplatform\src\mygui_directxrendermanager.cpp  |  270
12:23:21  |  Platform  |  Info  |  device D3D lost  |  d:\myprojects\multiplayer\platforms\directx\directxplatform\src\mygui_directxrendermanager.cpp  |  260
12:23:21  |  Platform  |  Info  |  device D3D restore  |  d:\myprojects\multiplayer\platforms\directx\directxplatform\src\mygui_directxrendermanager.cpp  |  270
12:23:21  |  Platform  |  Info  |  device D3D lost  |  d:\myprojects\multiplayer\platforms\directx\directxplatform\src\mygui_directxrendermanager.cpp  |  260
12:23:21  |  Platform  |  Info  |  device D3D restore  |  d:\myprojects\multiplayer\platforms\directx\directxplatform\src\mygui_directxrendermanager.cpp  |  270
12:23:21  |  Platform  |  Info  |  device D3D lost  |  d:\myprojects\multiplayer\platforms\directx\directxplatform\src\mygui_directxrendermanager.cpp  |  260
12:23:21  |  Platform  |  Info  |  device D3D restore  |  d:\myprojects\multiplayer\platforms\directx\directxplatform\src\mygui_directxrendermanager.cpp  |  270
12:23:21  |  Platform  |  Info  |  device D3D lost  |  d:\myprojects\multiplayer\platforms\directx\directxplatform\src\mygui_directxrendermanager.cpp  |  260
12:23:21  |  Platform  |  Info  |  device D3D restore  |  d:\myprojects\multiplayer\platforms\directx\directxplatform\src\mygui_directxrendermanager.cpp  |  270
12:23:21  |  Platform  |  Info  |  device D3D lost  |  d:\myprojects\multiplayer\platforms\directx\directxplatform\src\mygui_directxrendermanager.cpp  |  260
12:23:21  |  Platform  |  Info  |  device D3D restore  |  d:\myprojects\multiplayer\platforms\directx\directxplatform\src\mygui_directxrendermanager.cpp  |  270
12:23:21  |  Platform  |  Info  |  device D3D lost  |  d:\myprojects\multiplayer\platforms\directx\directxplatform\src\mygui_directxrendermanager.cpp  |  260
12:23:21  |  Platform  |  Info  |  device D3D restore  |  d:\myprojects\multiplayer\platforms\directx\directxplatform\src\mygui_directxrendermanager.cpp  |  270
12:23:21  |  Platform  |  Info  |  device D3D lost  |  d:\myprojects\multiplayer\platforms\directx\directxplatform\src\mygui_directxrendermanager.cpp  |  260
12:23:21  |  Platform  |  Info  |  device D3D restore  |  d:\myprojects\multiplayer\platforms\directx\directxplatform\src\mygui_directxrendermanager.cpp  |  270
12:23:21  |  Platform  |  Info  |  device D3D lost  |  d:\myprojects\multiplayer\platforms\directx\directxplatform\src\mygui_directxrendermanager.cpp  |  260
12:23:21  |  Platform  |  Info  |  device D3D restore  |  d:\myprojects\multiplayer\platforms\directx\directxplatform\src\mygui_directxrendermanager.cpp  |  270
12:23:21  |  Platform  |  Info  |  device D3D lost  |  d:\myprojects\multiplayer\platforms\directx\directxplatform\src\mygui_directxrendermanager.cpp  |  260
12:23:21  |  Platform  |  Info  |  device D3D restore  |  d:\myprojects\multiplayer\platforms\directx\directxplatform\src\mygui_directxrendermanager.cpp  |  270
12:23:21  |  Platform  |  Info  |  device D3D lost  |  d:\myprojects\multiplayer\platforms\directx\directxplatform\src\mygui_directxrendermanager.cpp  |  260
12:23:21  |  Platform  |  Info  |  device D3D restore  |  d:\myprojects\multiplayer\platforms\directx\directxplatform\src\mygui_directxrendermanager.cpp  |  270
12:23:21  |  Platform  |  Info  |  device D3D lost  |  d:\myprojects\multiplayer\platforms\directx\directxplatform\src\mygui_directxrendermanager.cpp  |  260
12:23:21  |  Platform  |  Info  |  device D3D restore  |  d:\myprojects\multiplayer\platforms\directx\directxplatform\src\mygui_directxrendermanager.cpp  |  270
12:23:21  |  Platform  |  Info  |  device D3D lost  |  d:\myprojects\multiplayer\platforms\directx\directxplatform\src\mygui_directxrendermanager.cpp  |  260
12:23:21  |  Platform  |  Info  |  device D3D restore  |  d:\myprojects\multiplayer\platforms\directx\directxplatform\src\mygui_directxrendermanager.cpp  |  270
12:23:21  |  Platform  |  Info  |  device D3D lost  |  d:\myprojects\multiplayer\platforms\directx\directxplatform\src\mygui_directxrendermanager.cpp  |  260
12:23:21  |  Platform  |  Info  |  device D3D restore  |  d:\myprojects\multiplayer\platforms\directx\directxplatform\src\mygui_directxrendermanager.cpp  |  270
12:23:21  |  Platform  |  Info  |  device D3D lost  |  d:\myprojects\multiplayer\platforms\directx\directxplatform\src\mygui_directxrendermanager.cpp  |  260
12:23:21  |  Platform  |  Info  |  device D3D restore  |  d:\myprojects\multiplayer\platforms\directx\directxplatform\src\mygui_directxrendermanager.cpp  |  270
12:23:21  |  Platform  |  Info  |  device D3D lost  |  d:\myprojects\multiplayer\platforms\directx\directxplatform\src\mygui_directxrendermanager.cpp  |  260
12:23:21  |  Platform  |  Info  |  device D3D restore  |  d:\myprojects\multiplayer\platforms\directx\directxplatform\src\mygui_directxrendermanager.cpp  |  270
12:23:21  |  Platform  |  Info  |  device D3D lost  |  d:\myprojects\multiplayer\platforms\directx\directxplatform\src\mygui_directxrendermanager.cpp  |  260
12:23:21  |  Platform  |  Info  |  device D3D restore  |  d:\myprojects\multiplayer\platforms\directx\directxplatform\src\mygui_directxrendermanager.cpp  |  270
12:23:21  |  Platform  |  Info  |  device D3D lost  |  d:\myprojects\multiplayer\platforms\directx\directxplatform\src\mygui_directxrendermanager.cpp  |  260
12:23:21  |  Platform  |  Info  |  device D3D restore  |  d:\myprojects\multiplayer\platforms\directx\directxplatform\src\mygui_directxrendermanager.cpp  |  270
12:23:21  |  Platform  |  Info  |  device D3D lost  |  d:\myprojects\multiplayer\platforms\directx\directxplatform\src\mygui_directxrendermanager.cpp  |  260
12:23:21  |  Platform  |  Info  |  device D3D restore  |  d:\myprojects\multiplayer\platforms\directx\directxplatform\src\mygui_directxrendermanager.cpp  |  270
12:23:21  |  Platform  |  Info  |  device D3D lost  |  d:\myprojects\multiplayer\platforms\directx\directxplatform\src\mygui_directxrendermanager.cpp  |  260
12:23:21  |  Platform  |  Info  |  device D3D restore  |  d:\myprojects\multiplayer\platforms\directx\directxplatform\src\mygui_directxrendermanager.cpp  |  270
12:23:21  |  Platform  |  Info  |  device D3D lost  |  d:\myprojects\multiplayer\platforms\directx\directxplatform\src\mygui_directxrendermanager.cpp  |  260
12:23:21  |  Platform  |  Info  |  device D3D restore  |  d:\myprojects\multiplayer\platforms\directx\directxplatform\src\mygui_directxrendermanager.cpp  |  270
12:23:21  |  Platform  |  Info  |  device D3D lost  |  d:\myprojects\multiplayer\platforms\directx\directxplatform\src\mygui_directxrendermanager.cpp  |  260
12:23:21  |  Platform  |  Info  |  device D3D restore  |  d:\myprojects\multiplayer\platforms\directx\directxplatform\src\mygui_directxrendermanager.cpp  |  270
12:23:21  |  Platform  |  Info  |  device D3D lost  |  d:\myprojects\multiplayer\platforms\directx\directxplatform\src\mygui_directxrendermanager.cpp  |  260
12:23:21  |  Platform  |  Info  |  device D3D restore  |  d:\myprojects\multiplayer\platforms\directx\directxplatform\src\mygui_directxrendermanager.cpp  |  270
12:23:21  |  Platform  |  Info  |  device D3D lost  |  d:\myprojects\multiplayer\platforms\directx\directxplatform\src\mygui_directxrendermanager.cpp  |  260
12:23:21  |  Platform  |  Info  |  device D3D restore  |  d:\myprojects\multiplayer\platforms\directx\directxplatform\src\mygui_directxrendermanager.cpp  |  270
12:23:21  |  Platform  |  Info  |  device D3D lost  |  d:\myprojects\multiplayer\platforms\directx\directxplatform\src\mygui_directxrendermanager.cpp  |  260
12:23:21  |  Platform  |  Info  |  device D3D restore  |  d:\myprojects\multiplayer\platforms\directx\directxplatform\src\mygui_directxrendermanager.cpp  |  270
12:23:21  |  Platform  |  Info  |  device D3D lost  |  d:\myprojects\multiplayer\platforms\directx\directxplatform\src\mygui_directxrendermanager.cpp  |  260
12:23:21  |  Platform  |  Info  |  device D3D restore  |  d:\myprojects\multiplayer\platforms\directx\directxplatform\src\mygui_directxrendermanager.cpp  |  270
12:23:21  |  Platform  |  Info  |  device D3D lost  |  d:\myprojects\multiplayer\platforms\directx\directxplatform\src\mygui_directxrendermanager.cpp  |  260
12:23:21  |  Platform  |  Info  |  device D3D restore  |  d:\myprojects\multiplayer\platforms\directx\directxplatform\src\mygui_directxrendermanager.cpp  |  270
12:23:21  |  Platform  |  Info  |  device D3D lost  |  d:\myprojects\multiplayer\platforms\directx\directxplatform\src\mygui_directxrendermanager.cpp  |  260
12:23:21  |  Platform  |  Info  |  device D3D restore  |  d:\myprojects\multiplayer\platforms\directx\directxplatform\src\mygui_directxrendermanager.cpp  |  270
12:23:21  |  Platform  |  Info  |  device D3D lost  |  d:\myprojects\multiplayer\platforms\directx\directxplatform\src\mygui_directxrendermanager.cpp  |  260
12:23:21  |  Platform  |  Info  |  device D3D restore  |  d:\myprojects\multiplayer\platforms\directx\directxplatform\src\mygui_directxrendermanager.cpp  |  270
12:23:21  |  Platform  |  Info  |  device D3D lost  |  d:\myprojects\multiplayer\platforms\directx\directxplatform\src\mygui_directxrendermanager.cpp  |  260
12:23:21  |  Platform  |  Info  |  device D3D restore  |  d:\myprojects\multiplayer\platforms\directx\directxplatform\src\mygui_directxrendermanager.cpp  |  270
12:23:21  |  Platform  |  Info  |  device D3D lost  |  d:\myprojects\multiplayer\platforms\directx\directxplatform\src\mygui_directxrendermanager.cpp  |  260
12:23:21  |  Platform  |  Info  |  device D3D restore  |  d:\myprojects\multiplayer\platforms\directx\directxplatform\src\mygui_directxrendermanager.cpp  |  270
12:23:21  |  Platform  |  Info  |  device D3D lost  |  d:\myprojects\multiplayer\platforms\directx\directxplatform\src\mygui_directxrendermanager.cpp  |  260
12:23:21  |  Platform  |  Info  |  device D3D restore  |  d:\myprojects\multiplayer\platforms\directx\directxplatform\src\mygui_directxrendermanager.cpp  |  270
12:23:21  |  Platform  |  Info  |  device D3D lost  |  d:\myprojects\multiplayer\platforms\directx\directxplatform\src\mygui_directxrendermanager.cpp  |  260
12:23:21  |  Platform  |  Info  |  device D3D restore  |  d:\myprojects\multiplayer\platforms\directx\directxplatform\src\mygui_directxrendermanager.cpp  |  270
12:23:21  |  Platform  |  Info  |  device D3D lost  |  d:\myprojects\multiplayer\platforms\directx\directxplatform\src\mygui_directxrendermanager.cpp  |  260
12:23:21  |  Platform  |  Info  |  device D3D restore  |  d:\myprojects\multiplayer\platforms\directx\directxplatform\src\mygui_directxrendermanager.cpp  |  270
12:23:21  |  Platform  |  Info  |  device D3D lost  |  d:\myprojects\multiplayer\platforms\directx\directxplatform\src\mygui_directxrendermanager.cpp  |  260
12:23:21  |  Platform  |  Info  |  device D3D restore  |  d:\myprojects\multiplayer\platforms\directx\directxplatform\src\mygui_directxrendermanager.cpp  |  270
12:23:21  |  Platform  |  Info  |  device D3D lost  |  d:\myprojects\multiplayer\platforms\directx\directxplatform\src\mygui_directxrendermanager.cpp  |  260
12:23:21  |  Platform  |  Info  |  device D3D restore  |  d:\myprojects\multiplayer\platforms\directx\directxplatform\src\mygui_directxrendermanager.cpp  |  270
12:23:21  |  Platform  |  Info  |  device D3D lost  |  d:\myprojects\multiplayer\platforms\directx\directxplatform\src\mygui_directxrendermanager.cpp  |  260
12:23:21  |  Platform  |  Info  |  device D3D restore  |  d:\myprojects\multiplayer\platforms\directx\directxplatform\src\mygui_directxrendermanager.cpp  |  270
12:23:21  |  Platform  |  Info  |  device D3D lost  |  d:\myprojects\multiplayer\platforms\directx\directxplatform\src\mygui_directxrendermanager.cpp  |  260
12:23:21  |  Platform  |  Info  |  device D3D restore  |  d:\myprojects\multiplayer\platforms\directx\directxplatform\src\mygui_directxrendermanager.cpp  |  270
12:23:21  |  Platform  |  Info  |  device D3D lost  |  d:\myprojects\multiplayer\platforms\directx\directxplatform\src\mygui_directxrendermanager.cpp  |  260
12:23:21  |  Platform  |  Info  |  device D3D restore  |  d:\myprojects\multiplayer\platforms\directx\directxplatform\src\mygui_directxrendermanager.cpp  |  270
12:23:21  |  Platform  |  Info  |  device D3D lost  |  d:\myprojects\multiplayer\platforms\directx\directxplatform\src\mygui_directxrendermanager.cpp  |  260
12:23:21  |  Platform  |  Info  |  device D3D restore  |  d:\myprojects\multiplayer\platforms\directx\directxplatform\src\mygui_directxrendermanager.cpp  |  270
12:23:21  |  Platform  |  Info  |  device D3D lost  |  d:\myprojects\multiplayer\platforms\directx\directxplatform\src\mygui_directxrendermanager.cpp  |  260
12:23:21  |  Platform  |  Info  |  device D3D restore  |  d:\myprojects\multiplayer\platforms\directx\directxplatform\src\mygui_directxrendermanager.cpp  |  270
12:23:21  |  Platform  |  Info  |  device D3D lost  |  d:\myprojects\multiplayer\platforms\directx\directxplatform\src\mygui_directxrendermanager.cpp  |  260
12:23:21  |  Platform  |  Info  |  device D3D restore  |  d:\myprojects\multiplayer\platforms\directx\directxplatform\src\mygui_directxrendermanager.cpp  |  270
12:23:21  |  Platform  |  Info  |  device D3D lost  |  d:\myprojects\multiplayer\platforms\directx\directxplatform\src\mygui_directxrendermanager.cpp  |  260
12:23:21  |  Platform  |  Info  |  device D3D restore  |  d:\myprojects\multiplayer\platforms\directx\directxplatform\src\mygui_directxrendermanager.cpp  |  270
12:23:21  |  Platform  |  Info  |  device D3D lost  |  d:\myprojects\multiplayer\platforms\directx\directxplatform\src\mygui_directxrendermanager.cpp  |  260
12:23:21  |  Platform  |  Info  |  device D3D restore  |  d:\myprojects\multiplayer\platforms\directx\directxplatform\src\mygui_directxrendermanager.cpp  |  270
12:23:21  |  Platform  |  Info  |  device D3D lost  |  d:\myprojects\multiplayer\platforms\directx\directxplatform\src\mygui_directxrendermanager.cpp  |  260
12:23:21  |  Platform  |  Info  |  device D3D restore  |  d:\myprojects\multiplayer\platforms\directx\directxplatform\src\mygui_directxrendermanager.cpp  |  270
12:23:21  |  Platform  |  Info  |  device D3D lost  |  d:\myprojects\multiplayer\platforms\directx\directxplatform\src\mygui_directxrendermanager.cpp  |  260
12:23:21  |  Platform  |  Info  |  device D3D restore  |  d:\myprojects\multiplayer\platforms\directx\directxplatform\src\mygui_directxrendermanager.cpp  |  270
12:23:21  |  Platform  |  Info  |  device D3D lost  |  d:\myprojects\multiplayer\platforms\directx\directxplatform\src\mygui_directxrendermanager.cpp  |  260
12:23:21  |  Platform  |  Info  |  device D3D restore  |  d:\myprojects\multiplayer\platforms\directx\directxplatform\src\mygui_directxrendermanager.cpp  |  270
12:23:21  |  Platform  |  Info  |  device D3D lost  |  d:\myprojects\multiplayer\platforms\directx\directxplatform\src\mygui_directxrendermanager.cpp  |  260
12:23:21  |  Platform  |  Info  |  device D3D restore  |  d:\myprojects\multiplayer\platforms\directx\directxplatform\src\mygui_directxrendermanager.cpp  |  270
12:23:21  |  Platform  |  Info  |  device D3D lost  |  d:\myprojects\multiplayer\platforms\directx\directxplatform\src\mygui_directxrendermanager.cpp  |  260
12:23:21  |  Platform  |  Info  |  device D3D restore  |  d:\myprojects\multiplayer\platforms\directx\directxplatform\src\mygui_directxrendermanager.cpp  |  270
12:23:21  |  Platform  |  Info  |  device D3D lost  |  d:\myprojects\multiplayer\platforms\directx\directxplatform\src\mygui_directxrendermanager.cpp  |  260
12:23:21  |  Platform  |  Info  |  device D3D restore  |  d:\myprojects\multiplayer\platforms\directx\directxplatform\src\mygui_directxrendermanager.cpp  |  270
12:23:21  |  Platform  |  Info  |  device D3D lost  |  d:\myprojects\multiplayer\platforms\directx\directxplatform\src\mygui_directxrendermanager.cpp  |  260
12:23:21  |  Platform  |  Info  |  device D3D restore  |  d:\myprojects\multiplayer\platforms\directx\directxplatform\src\mygui_directxrendermanager.cpp  |  270
12:23:21  |  Platform  |  Info  |  device D3D lost  |  d:\myprojects\multiplayer\platforms\directx\directxplatform\src\mygui_directxrendermanager.cpp  |  260
12:23:21  |  Platform  |  Info  |  device D3D restore  |  d:\myprojects\multiplayer\platforms\directx\directxplatform\src\mygui_directxrendermanager.cpp  |  270
12:23:21  |  Platform  |  Info  |  device D3D lost  |  d:\myprojects\multiplayer\platforms\directx\directxplatform\src\mygui_directxrendermanager.cpp  |  260
12:23:21  |  Platform  |  Info  |  device D3D restore  |  d:\myprojects\multiplayer\platforms\directx\directxplatform\src\mygui_directxrendermanager.cpp  |  270
12:23:21  |  Platform  |  Info  |  device D3D lost  |  d:\myprojects\multiplayer\platforms\directx\directxplatform\src\mygui_directxrendermanager.cpp  |  260
12:23:21  |  Platform  |  Info  |  device D3D restore  |  d:\myprojects\multiplayer\platforms\directx\directxplatform\src\mygui_directxrendermanager.cpp  |  270
12:23:21  |  Platform  |  Info  |  device D3D lost  |  d:\myprojects\multiplayer\platforms\directx\directxplatform\src\mygui_directxrendermanager.cpp  |  260
12:23:21  |  Platform  |  Info  |  device D3D restore  |  d:\myprojects\multiplayer\platforms\directx\directxplatform\src\mygui_directxrendermanager.cpp  |  270
12:23:21  |  Platform  |  Info  |  device D3D lost  |  d:\myprojects\multiplayer\platforms\directx\directxplatform\src\mygui_directxrendermanager.cpp  |  260
12:23:21  |  Platform  |  Info  |  device D3D restore  |  d:\myprojects\multiplayer\platforms\directx\directxplatform\src\mygui_directxrendermanager.cpp  |  270
12:23:21  |  Platform  |  Info  |  device D3D lost  |  d:\myprojects\multiplayer\platforms\directx\directxplatform\src\mygui_directxrendermanager.cpp  |  260
12:23:21  |  Platform  |  Info  |  device D3D restore  |  d:\myprojects\multiplayer\platforms\directx\directxplatform\src\mygui_directxrendermanager.cpp  |  270
12:23:21  |  Platform  |  Info  |  device D3D lost  |  d:\myprojects\multiplayer\platforms\directx\directxplatform\src\mygui_directxrendermanager.cpp  |  260
12:23:21  |  Platform  |  Info  |  device D3D restore  |  d:\myprojects\multiplayer\platforms\directx\directxplatform\src\mygui_directxrendermanager.cpp  |  270
12:23:21  |  Platform  |  Info  |  device D3D lost  |  d:\myprojects\multiplayer\platforms\directx\directxplatform\src\mygui_directxrendermanager.cpp  |  260
12:23:21  |  Platform  |  Info  |  device D3D restore  |  d:\myprojects\multiplayer\platforms\directx\directxplatform\src\mygui_directxrendermanager.cpp  |  270
12:23:21  |  Platform  |  Info  |  device D3D lost  |  d:\myprojects\multiplayer\platforms\directx\directxplatform\src\mygui_directxrendermanager.cpp  |  260
12:23:21  |  Platform  |  Info  |  device D3D restore  |  d:\myprojects\multiplayer\platforms\directx\directxplatform\src\mygui_directxrendermanager.cpp  |  270
12:23:21  |  Platform  |  Info  |  device D3D lost  |  d:\myprojects\multiplayer\platforms\directx\directxplatform\src\mygui_directxrendermanager.cpp  |  260
12:23:21  |  Platform  |  Info  |  device D3D restore  |  d:\myprojects\multiplayer\platforms\directx\directxplatform\src\mygui_directxrendermanager.cpp  |  270
12:23:21  |  Platform  |  Info  |  device D3D lost  |  d:\myprojects\multiplayer\platforms\directx\directxplatform\src\mygui_directxrendermanager.cpp  |  260
12:23:21  |  Platform  |  Info  |  device D3D restore  |  d:\myprojects\multiplayer\platforms\directx\directxplatform\src\mygui_directxrendermanager.cpp  |  270
12:23:21  |  Platform  |  Info  |  device D3D lost  |  d:\myprojects\multiplayer\platforms\directx\directxplatform\src\mygui_directxrendermanager.cpp  |  260
12:23:21  |  Platform  |  Info  |  device D3D restore  |  d:\myprojects\multiplayer\platforms\directx\directxplatform\src\mygui_directxrendermanager.cpp  |  270
12:23:21  |  Platform  |  Info  |  device D3D lost  |  d:\myprojects\multiplayer\platforms\directx\directxplatform\src\mygui_directxrendermanager.cpp  |  260
12:23:21  |  Platform  |  Info  |  device D3D restore  |  d:\myprojects\multiplayer\platforms\directx\directxplatform\src\mygui_directxrendermanager.cpp  |  270
12:23:21  |  Platform  |  Info  |  device D3D lost  |  d:\myprojects\multiplayer\platforms\directx\directxplatform\src\mygui_directxrendermanager.cpp  |  260
12:23:21  |  Platform  |  Info  |  device D3D restore  |  d:\myprojects\multiplayer\platforms\directx\directxplatform\src\mygui_directxrendermanager.cpp  |  270
12:23:21  |  Platform  |  Info  |  device D3D lost  |  d:\myprojects\multiplayer\platforms\directx\directxplatform\src\mygui_directxrendermanager.cpp  |  260
12:23:21  |  Platform  |  Info  |  device D3D restore  |  d:\myprojects\multiplayer\platforms\directx\directxplatform\src\mygui_directxrendermanager.cpp  |  270
12:23:21  |  Platform  |  Info  |  device D3D lost  |  d:\myprojects\multiplayer\platforms\directx\directxplatform\src\mygui_directxrendermanager.cpp  |  260
12:23:21  |  Platform  |  Info  |  device D3D restore  |  d:\myprojects\multiplayer\platforms\directx\directxplatform\src\mygui_directxrendermanager.cpp  |  270
12:23:21  |  Platform  |  Info  |  device D3D lost  |  d:\myprojects\multiplayer\platforms\directx\directxplatform\src\mygui_directxrendermanager.cpp  |  260
12:23:21  |  Platform  |  Info  |  device D3D restore  |  d:\myprojects\multiplayer\platforms\directx\directxplatform\src\mygui_directxrendermanager.cpp  |  270
12:23:21  |  Platform  |  Info  |  device D3D lost  |  d:\myprojects\multiplayer\platforms\directx\directxplatform\src\mygui_directxrendermanager.cpp  |  260
12:23:21  |  Platform  |  Info  |  device D3D restore  |  d:\myprojects\multiplayer\platforms\directx\directxplatform\src\mygui_directxrendermanager.cpp  |  270
12:23:21  |  Platform  |  Info  |  device D3D lost  |  d:\myprojects\multiplayer\platforms\directx\directxplatform\src\mygui_directxrendermanager.cpp  |  260
12:23:21  |  Platform  |  Info  |  device D3D restore  |  d:\myprojects\multiplayer\platforms\directx\directxplatform\src\mygui_directxrendermanager.cpp  |  270
12:23:21  |  Platform  |  Info  |  device D3D lost  |  d:\myprojects\multiplayer\platforms\directx\directxplatform\src\mygui_directxrendermanager.cpp  |  260
12:23:21  |  Platform  |  Info  |  device D3D restore  |  d:\myprojects\multiplayer\platforms\directx\directxplatform\src\mygui_directxrendermanager.cpp  |  270
12:23:21  |  Platform  |  Info  |  device D3D lost  |  d:\myprojects\multiplayer\platforms\directx\directxplatform\src\mygui_directxrendermanager.cpp  |  260
12:23:21  |  Platform  |  Info  |  device D3D restore  |  d:\myprojects\multiplayer\platforms\directx\directxplatform\src\mygui_directxrendermanager.cpp  |  270
12:23:21  |  Platform  |  Info  |  device D3D lost  |  d:\myprojects\multiplayer\platforms\directx\directxplatform\src\mygui_directxrendermanager.cpp  |  260
12:23:21  |  Platform  |  Info  |  device D3D restore  |  d:\myprojects\multiplayer\platforms\directx\directxplatform\src\mygui_directxrendermanager.cpp  |  270
12:23:21  |  Platform  |  Info  |  device D3D lost  |  d:\myprojects\multiplayer\platforms\directx\directxplatform\src\mygui_directxrendermanager.cpp  |  260
12:23:21  |  Platform  |  Info  |  device D3D restore  |  d:\myprojects\multiplayer\platforms\directx\directxplatform\src\mygui_directxrendermanager.cpp  |  270
12:23:21  |  Platform  |  Info  |  device D3D lost  |  d:\myprojects\multiplayer\platforms\directx\directxplatform\src\mygui_directxrendermanager.cpp  |  260
12:23:21  |  Platform  |  Info  |  device D3D restore  |  d:\myprojects\multiplayer\platforms\directx\directxplatform\src\mygui_directxrendermanager.cpp  |  270
12:23:21  |  Platform  |  Info  |  device D3D lost  |  d:\myprojects\multiplayer\platforms\directx\directxplatform\src\mygui_directxrendermanager.cpp  |  260
12:23:21  |  Platform  |  Info  |  device D3D restore  |  d:\myprojects\multiplayer\platforms\directx\directxplatform\src\mygui_directxrendermanager.cpp  |  270
12:23:21  |  Platform  |  Info  |  device D3D lost  |  d:\myprojects\multiplayer\platforms\directx\directxplatform\src\mygui_directxrendermanager.cpp  |  260
12:23:21  |  Platform  |  Info  |  device D3D restore  |  d:\myprojects\multiplayer\platforms\directx\directxplatform\src\mygui_directxrendermanager.cpp  |  270
12:23:21  |  Platform  |  Info  |  device D3D lost  |  d:\myprojects\multiplayer\platforms\directx\directxplatform\src\mygui_directxrendermanager.cpp  |  260
12:23:21  |  Platform  |  Info  |  device D3D restore  |  d:\myprojects\multiplayer\platforms\directx\directxplatform\src\mygui_directxrendermanager.cpp  |  270
12:23:27  |  Core  |  Info  |  * Shutdown: Gui  |  d:\MyProjects\multiPlayer\MyGUIEngine\src\MyGUI_Gui.cpp  |  148
12:23:27  |  Core  |  Info  |  * Shutdown: PointerManager  |  d:\MyProjects\multiPlayer\MyGUIEngine\src\MyGUI_PointerManager.cpp  |  84
12:23:27  |  Core  |  Info  |  PointerManager successfully shutdown  |  d:\MyProjects\multiPlayer\MyGUIEngine\src\MyGUI_PointerManager.cpp  |  101
12:23:27  |  Core  |  Info  |  * Shutdown: InputManager  |  d:\MyProjects\multiPlayer\MyGUIEngine\src\MyGUI_InputManager.cpp  |  86
12:23:27  |  Core  |  Info  |  InputManager successfully shutdown  |  d:\MyProjects\multiPlayer\MyGUIEngine\src\MyGUI_InputManager.cpp  |  91
12:23:27  |  Core  |  Info  |  * Shutdown: SkinManager  |  d:\MyProjects\multiPlayer\MyGUIEngine\src\MyGUI_SkinManager.cpp  |  68
12:23:27  |  Core  |  Info  |  SkinManager successfully shutdown  |  d:\MyProjects\multiPlayer\MyGUIEngine\src\MyGUI_SkinManager.cpp  |  75
12:23:27  |  Core  |  Info  |  * Shutdown: SubWidgetManager  |  d:\MyProjects\multiPlayer\MyGUIEngine\src\MyGUI_SubWidgetManager.cpp  |  78
12:23:27  |  Core  |  Info  |  SubWidgetManager successfully shutdown  |  d:\MyProjects\multiPlayer\MyGUIEngine\src\MyGUI_SubWidgetManager.cpp  |  98
12:23:27  |  Core  |  Info  |  * Shutdown: LayerManager  |  d:\MyProjects\multiPlayer\MyGUIEngine\src\MyGUI_LayerManager.cpp  |  63
12:23:27  |  Core  |  Info  |  destroy layer 'Wallpaper'  |  d:\MyProjects\multiPlayer\MyGUIEngine\src\MyGUI_LayerManager.cpp  |  206
12:23:27  |  Core  |  Info  |  destroy layer 'Back'  |  d:\MyProjects\multiPlayer\MyGUIEngine\src\MyGUI_LayerManager.cpp  |  206
12:23:27  |  Core  |  Info  |  destroy layer 'Overlapped'  |  d:\MyProjects\multiPlayer\MyGUIEngine\src\MyGUI_LayerManager.cpp  |  206
12:23:27  |  Core  |  Info  |  destroy layer 'Middle'  |  d:\MyProjects\multiPlayer\MyGUIEngine\src\MyGUI_LayerManager.cpp  |  206
12:23:27  |  Core  |  Info  |  destroy layer 'Modal'  |  d:\MyProjects\multiPlayer\MyGUIEngine\src\MyGUI_LayerManager.cpp  |  206
12:23:27  |  Core  |  Info  |  destroy layer 'Main'  |  d:\MyProjects\multiPlayer\MyGUIEngine\src\MyGUI_LayerManager.cpp  |  206
12:23:27  |  Core  |  Info  |  destroy layer 'Popup'  |  d:\MyProjects\multiPlayer\MyGUIEngine\src\MyGUI_LayerManager.cpp  |  206
12:23:27  |  Core  |  Info  |  destroy layer 'FadeMiddle'  |  d:\MyProjects\multiPlayer\MyGUIEngine\src\MyGUI_LayerManager.cpp  |  206
12:23:27  |  Core  |  Info  |  destroy layer 'Info'  |  d:\MyProjects\multiPlayer\MyGUIEngine\src\MyGUI_LayerManager.cpp  |  206
12:23:27  |  Core  |  Info  |  destroy layer 'ToolTip'  |  d:\MyProjects\multiPlayer\MyGUIEngine\src\MyGUI_LayerManager.cpp  |  206
12:23:27  |  Core  |  Info  |  destroy layer 'DragAndDrop'  |  d:\MyProjects\multiPlayer\MyGUIEngine\src\MyGUI_LayerManager.cpp  |  206
12:23:27  |  Core  |  Info  |  destroy layer 'FadeBusy'  |  d:\MyProjects\multiPlayer\MyGUIEngine\src\MyGUI_LayerManager.cpp  |  206
12:23:27  |  Core  |  Info  |  destroy layer 'Pointer'  |  d:\MyProjects\multiPlayer\MyGUIEngine\src\MyGUI_LayerManager.cpp  |  206
12:23:27  |  Core  |  Info  |  destroy layer 'Fade'  |  d:\MyProjects\multiPlayer\MyGUIEngine\src\MyGUI_LayerManager.cpp  |  206
12:23:27  |  Core  |  Info  |  destroy layer 'Statistic'  |  d:\MyProjects\multiPlayer\MyGUIEngine\src\MyGUI_LayerManager.cpp  |  206
12:23:27  |  Core  |  Info  |  LayerManager successfully shutdown  |  d:\MyProjects\multiPlayer\MyGUIEngine\src\MyGUI_LayerManager.cpp  |  74
12:23:27  |  Core  |  Info  |  * Shutdown: FontManager  |  d:\MyProjects\multiPlayer\MyGUIEngine\src\MyGUI_FontManager.cpp  |  64
12:23:27  |  Core  |  Info  |  FontManager successfully shutdown  |  d:\MyProjects\multiPlayer\MyGUIEngine\src\MyGUI_FontManager.cpp  |  72
12:23:27  |  Core  |  Info  |  * Shutdown: ControllerManager  |  d:\MyProjects\multiPlayer\MyGUIEngine\src\MyGUI_ControllerManager.cpp  |  62
12:23:27  |  Core  |  Info  |  ControllerManager successfully shutdown  |  d:\MyProjects\multiPlayer\MyGUIEngine\src\MyGUI_ControllerManager.cpp  |  71
12:23:27  |  Core  |  Info  |  * Shutdown: ClipboardManager  |  d:\MyProjects\multiPlayer\MyGUIEngine\src\MyGUI_ClipboardManager.cpp  |  108
12:23:27  |  Core  |  Info  |  ClipboardManager successfully shutdown  |  d:\MyProjects\multiPlayer\MyGUIEngine\src\MyGUI_ClipboardManager.cpp  |  110
12:23:27  |  Core  |  Info  |  * Shutdown: LayoutManager  |  d:\MyProjects\multiPlayer\MyGUIEngine\src\MyGUI_LayoutManager.cpp  |  57
12:23:27  |  Core  |  Info  |  LayoutManager successfully shutdown  |  d:\MyProjects\multiPlayer\MyGUIEngine\src\MyGUI_LayoutManager.cpp  |  64
12:23:27  |  Core  |  Info  |  * Shutdown: PluginManager  |  d:\MyProjects\multiPlayer\MyGUIEngine\src\MyGUI_PluginManager.cpp  |  56
12:23:27  |  Core  |  Info  |  PluginManager successfully shutdown  |  d:\MyProjects\multiPlayer\MyGUIEngine\src\MyGUI_PluginManager.cpp  |  61
12:23:27  |  Core  |  Info  |  * Shutdown: DynLibManager  |  d:\MyProjects\multiPlayer\MyGUIEngine\src\MyGUI_DynLibManager.cpp  |  52
12:23:27  |  Core  |  Info  |  DynLibManager successfully shutdown  |  d:\MyProjects\multiPlayer\MyGUIEngine\src\MyGUI_DynLibManager.cpp  |  59
12:23:27  |  Core  |  Info  |  * Shutdown: LanguageManager  |  d:\MyProjects\multiPlayer\MyGUIEngine\src\MyGUI_LanguageManager.cpp  |  56
12:23:27  |  Core  |  Info  |  LanguageManager successfully shutdown  |  d:\MyProjects\multiPlayer\MyGUIEngine\src\MyGUI_LanguageManager.cpp  |  60
12:23:27  |  Core  |  Info  |  * Shutdown: ResourceManager  |  d:\MyProjects\multiPlayer\MyGUIEngine\src\MyGUI_ResourceManager.cpp  |  62
12:23:27  |  Core  |  Info  |  ResourceManager successfully shutdown  |  d:\MyProjects\multiPlayer\MyGUIEngine\src\MyGUI_ResourceManager.cpp  |  72
12:23:27  |  Core  |  Info  |  * Shutdown: FactoryManager  |  d:\MyProjects\multiPlayer\MyGUIEngine\src\MyGUI_FactoryManager.cpp  |  49
12:23:27  |  Core  |  Info  |  FactoryManager successfully shutdown  |  d:\MyProjects\multiPlayer\MyGUIEngine\src\MyGUI_FactoryManager.cpp  |  51
12:23:27  |  Core  |  Info  |  * Shutdown: ToolTipManager  |  d:\MyProjects\multiPlayer\MyGUIEngine\src\MyGUI_ToolTipManager.cpp  |  67
12:23:27  |  Core  |  Info  |  ToolTipManager successfully shutdown  |  d:\MyProjects\multiPlayer\MyGUIEngine\src\MyGUI_ToolTipManager.cpp  |  72
12:23:27  |  Core  |  Info  |  * Shutdown: WidgetManager  |  d:\MyProjects\multiPlayer\MyGUIEngine\src\MyGUI_WidgetManager.cpp  |  106
12:23:27  |  Core  |  Info  |  WidgetManager successfully shutdown  |  d:\MyProjects\multiPlayer\MyGUIEngine\src\MyGUI_WidgetManager.cpp  |  115
12:23:27  |  Core  |  Info  |  Gui successfully shutdown  |  d:\MyProjects\multiPlayer\MyGUIEngine\src\MyGUI_Gui.cpp  |  194
12:23:27  |  Platform  |  Info  |  * Shutdown: RenderManager  |  d:\myprojects\multiplayer\platforms\directx\directxplatform\src\mygui_directxrendermanager.cpp  |  61
12:23:27  |  Platform  |  Info  |  RenderManager successfully shutdown  |  d:\myprojects\multiplayer\platforms\directx\directxplatform\src\mygui_directxrendermanager.cpp  |  66
12:23:27  |  Platform  |  Info  |  * Shutdown: DataManager  |  d:\myprojects\multiplayer\platforms\directx\directxplatform\src\mygui_directxdatamanager.cpp  |  33
12:23:27  |  Platform  |  Info  |  DataManager successfully shutdown  |  d:\myprojects\multiplayer\platforms\directx\directxplatform\src\mygui_directxdatamanager.cpp  |  35
