2012_05_14 09:22:26.921
	Начало логирования.
2012_05_14 09:22:29.796
	Загрузка карты началась.
2012_05_14 09:22:30.328
	Началась загрузка моделей.
2012_05_14 09:22:30.328
	Не удалось загрузить модель ..
2012_05_14 09:22:30.328
	Не удалось проинициализировать модель: ..
2012_05_14 09:22:30.328
	Не удалось загрузить модель ..
2012_05_14 09:22:30.328
	Не удалось проинициализировать модель: ..
2012_05_14 09:22:30.328
	Не удалось загрузить модель ..
2012_05_14 09:22:30.328
	Не удалось проинициализировать модель: ..
2012_05_14 09:22:30.328
	Загрузка моделей завершена.
2012_05_14 09:22:35.406
	Загрузка карты завершена.
2012_05_14 09:22:35.421
	Отослан корректирующий пакет.
2012_05_14 09:22:35.484
	Начался обратный отсчет.
2012_05_14 09:23:00.031
	Начался бой.
