2012_12_21 16:50:57.015
	Список моделей загружен успешно.
2012_12_21 16:50:57.484
	OnLostDevice
2012_12_21 16:50:58.453
	Начало загрузки модели ID=0
2012_12_21 16:50:58.468
	Загрузка Mesh, ID=0
2012_12_21 16:50:58.687
	Конец загрузки Mesh, ID=0
2012_12_21 16:50:58.812
	Конец загрузки модели ID=0
2012_12_21 16:51:06.453
	DXUTToggleFullScreen
2012_12_21 16:51:06.562
	OnLostDevice
2012_12_21 16:51:06.609
	DXUTToggleFullScreen w=0,h=0
2012_12_21 16:51:07.937
	DXUTToggleFullScreen
2012_12_21 16:51:08.046
	OnLostDevice
2012_12_21 16:51:08.109
	DXUTToggleFullScreen w=1032,h=802
2012_12_21 16:51:10.765
	OnLostDevice
