2013_12_16 10:20:21.406
	RecvEvent TCP disconnect error=Удаленный хост принудительно разорвал существующее подключение.
2013_12_16 10:20:23.203
	RecvEvent TCP disconnect error=Удаленный хост принудительно разорвал существующее подключение.
2013_12_16 10:20:26.640
	RecvEvent TCP disconnect error=Удаленный хост принудительно разорвал существующее подключение.
2013_12_16 10:20:28.375
	RecvEvent TCP disconnect error=Удаленный хост принудительно разорвал существующее подключение.
2013_12_16 10:20:29.875
	RecvEvent TCP disconnect error=Удаленный хост принудительно разорвал существующее подключение.
2013_12_16 10:20:30.796
	RecvEvent TCP disconnect error=Удаленный хост принудительно разорвал существующее подключение.
2013_12_16 10:20:32.281
	RecvEvent TCP disconnect error=Удаленный хост принудительно разорвал существующее подключение.
2013_12_16 10:20:53.734
	RecvEvent TCP disconnect error=Операция ввода/вывода была прервана из-за завершения потока команд или по запросу приложения.
2013_12_16 10:20:54.812
	ReadFromEvent UDP error=Операция ввода/вывода была прервана из-за завершения потока команд или по запросу приложения.
2013_12_16 10:20:54.812
	Acceptor AcceptEvent FAIL: Операция ввода/вывода была прервана из-за завершения потока команд или по запросу приложения.
