2012_05_18 22:02:24.403
	Начало логирования.
2012_05_18 22:02:26.499
	Началась загрузка моделей.
2012_05_18 22:02:27.999
	Загрузка моделей завершена.
2012_05_18 22:02:30.839
	Нажатие кнопки: 27.
2012_05_18 22:02:30.897
	Нажатие кнопки: 27.
2012_05_18 22:02:35.972
	Нажатие кнопки: 87.
2012_05_18 22:02:36.097
	Нажатие кнопки: 87.
2012_05_18 22:02:36.439
	Нажатие кнопки: 65.
2012_05_18 22:02:36.572
	Нажатие кнопки: 65.
2012_05_18 22:02:36.839
	Нажатие кнопки: 83.
2012_05_18 22:02:36.989
	Нажатие кнопки: 83.
2012_05_18 22:02:37.214
	Нажатие кнопки: 68.
2012_05_18 22:02:37.314
	Нажатие кнопки: 68.
