23:47:27  |  Platform  |  Info  |  * Initialise: RenderManager  |  .\DirectX\DirectXPlatform\src\MyGUI_DirectXRenderManager.cpp  |  28
23:47:27  |  Platform  |  Info  |  RenderManager successfully initialized  |  .\DirectX\DirectXPlatform\src\MyGUI_DirectXRenderManager.cpp  |  54
23:47:27  |  Platform  |  Info  |  * Initialise: DataManager  |  .\DirectX\DirectXPlatform\src\MyGUI_DirectXDataManager.cpp  |  24
23:47:27  |  Platform  |  Info  |  DataManager successfully initialized  |  .\DirectX\DirectXPlatform\src\MyGUI_DirectXDataManager.cpp  |  26
23:47:27  |  Core  |  Info  |  * Initialise: Gui  |  .\src\MyGUI_Gui.cpp  |  76
23:47:27  |  Core  |  Info  |  * MyGUI version 3.2.0  |  .\src\MyGUI_Gui.cpp  |  88
23:47:27  |  Core  |  Info  |  * Initialise: ResourceManager  |  .\src\MyGUI_ResourceManager.cpp  |  47
23:47:27  |  Core  |  Info  |  ResourceManager successfully initialized  |  .\src\MyGUI_ResourceManager.cpp  |  55
23:47:27  |  Core  |  Info  |  * Initialise: LayerManager  |  .\src\MyGUI_LayerManager.cpp  |  48
23:47:27  |  Core  |  Info  |  LayerManager successfully initialized  |  .\src\MyGUI_LayerManager.cpp  |  56
23:47:27  |  Core  |  Info  |  * Initialise: WidgetManager  |  .\src\MyGUI_WidgetManager.cpp  |  68
23:47:27  |  Core  |  Info  |  WidgetManager successfully initialized  |  .\src\MyGUI_WidgetManager.cpp  |  99
23:47:27  |  Core  |  Info  |  * Initialise: InputManager  |  .\src\MyGUI_InputManager.cpp  |  59
23:47:27  |  Core  |  Info  |  InputManager successfully initialized  |  .\src\MyGUI_InputManager.cpp  |  79
23:47:27  |  Core  |  Info  |  * Initialise: SubWidgetManager  |  .\src\MyGUI_SubWidgetManager.cpp  |  51
23:47:27  |  Core  |  Info  |  SubWidgetManager successfully initialized  |  .\src\MyGUI_SubWidgetManager.cpp  |  71
23:47:27  |  Core  |  Info  |  * Initialise: SkinManager  |  .\src\MyGUI_SkinManager.cpp  |  51
23:47:27  |  Core  |  Info  |  SkinManager successfully initialized  |  .\src\MyGUI_SkinManager.cpp  |  61
23:47:27  |  Core  |  Info  |  * Initialise: FontManager  |  .\src\MyGUI_FontManager.cpp  |  47
23:47:27  |  Core  |  Info  |  FontManager successfully initialized  |  .\src\MyGUI_FontManager.cpp  |  57
23:47:27  |  Core  |  Info  |  * Initialise: ControllerManager  |  .\src\MyGUI_ControllerManager.cpp  |  47
23:47:27  |  Core  |  Info  |  ControllerManager successfully initialized  |  .\src\MyGUI_ControllerManager.cpp  |  55
23:47:27  |  Core  |  Info  |  * Initialise: PointerManager  |  .\src\MyGUI_PointerManager.cpp  |  58
23:47:27  |  Core  |  Info  |  PointerManager successfully initialized  |  .\src\MyGUI_PointerManager.cpp  |  77
23:47:27  |  Core  |  Info  |  * Initialise: ClipboardManager  |  .\src\MyGUI_ClipboardManager.cpp  |  87
23:47:27  |  Core  |  Info  |  ClipboardManager successfully initialized  |  .\src\MyGUI_ClipboardManager.cpp  |  101
23:47:27  |  Core  |  Info  |  * Initialise: LayoutManager  |  .\src\MyGUI_LayoutManager.cpp  |  43
23:47:27  |  Core  |  Info  |  LayoutManager successfully initialized  |  .\src\MyGUI_LayoutManager.cpp  |  50
23:47:27  |  Core  |  Info  |  * Initialise: DynLibManager  |  .\src\MyGUI_DynLibManager.cpp  |  41
23:47:27  |  Core  |  Info  |  DynLibManager successfully initialized  |  .\src\MyGUI_DynLibManager.cpp  |  45
23:47:27  |  Core  |  Info  |  * Initialise: PluginManager  |  .\src\MyGUI_PluginManager.cpp  |  45
23:47:27  |  Core  |  Info  |  PluginManager successfully initialized  |  .\src\MyGUI_PluginManager.cpp  |  49
23:47:27  |  Core  |  Info  |  * Initialise: LanguageManager  |  .\src\MyGUI_LanguageManager.cpp  |  45
23:47:27  |  Core  |  Info  |  LanguageManager successfully initialized  |  .\src\MyGUI_LanguageManager.cpp  |  49
23:47:27  |  Core  |  Info  |  * Initialise: FactoryManager  |  .\src\MyGUI_FactoryManager.cpp  |  40
23:47:27  |  Core  |  Info  |  FactoryManager successfully initialized  |  .\src\MyGUI_FactoryManager.cpp  |  42
23:47:27  |  Core  |  Info  |  * Initialise: ToolTipManager  |  .\src\MyGUI_ToolTipManager.cpp  |  48
23:47:27  |  Core  |  Info  |  ToolTipManager successfully initialized  |  .\src\MyGUI_ToolTipManager.cpp  |  60
23:47:27  |  Core  |  Info  |  Load ini file 'MyGUI_GeneratedFonts.xml'  |  .\src\MyGUI_ResourceManager.cpp  |  129
23:47:27  |  Core  |  Info  |  Load ini file 'MyGUI_Fonts.xml'  |  .\src\MyGUI_ResourceManager.cpp  |  129
23:47:27  |  Core  |  Error  |  ResourceTrueTypeFont: TrueType font 'DejaVuSansFont_15' disabled. Define MYGUI_USE_FREETYE if you need TrueType fonts.  |  .\src\MyGUI_ResourceTrueTypeFont.cpp  |  72
23:47:27  |  Core  |  Info  |  Load ini file 'MyGUI_CommonSkins.xml'  |  .\src\MyGUI_ResourceManager.cpp  |  129
23:47:27  |  Core  |  Info  |  Load ini file 'MyGUI_BlueWhiteTheme.xml'  |  .\src\MyGUI_ResourceManager.cpp  |  129
23:47:27  |  Core  |  Info  |  Load ini file 'MyGUI_BlueWhiteImages.xml'  |  .\src\MyGUI_ResourceManager.cpp  |  129
23:47:27  |  Core  |  Info  |  Load ini file 'MyGUI_BlueWhiteSkins.xml'  |  .\src\MyGUI_ResourceManager.cpp  |  129
23:47:27  |  Core  |  Info  |  Load ini file 'MyGUI_BlueWhiteTemplates.xml'  |  .\src\MyGUI_ResourceManager.cpp  |  129
23:47:27  |  Core  |  Info  |  Load ini file 'MyGUI_PointerImages.xml'  |  .\src\MyGUI_ResourceManager.cpp  |  129
23:47:27  |  Core  |  Info  |  Load ini file 'MyGUI_Pointers.xml'  |  .\src\MyGUI_ResourceManager.cpp  |  129
23:47:27  |  Core  |  Info  |  Load ini file 'MyGUI_Layers.xml'  |  .\src\MyGUI_ResourceManager.cpp  |  129
23:47:27  |  Core  |  Info  |  Load ini file 'MyGUI_Settings.xml'  |  .\src\MyGUI_ResourceManager.cpp  |  129
23:47:27  |  Core  |  Info  |  Gui successfully initialized  |  .\src\MyGUI_Gui.cpp  |  134
23:47:27  |  Core  |  Warning  |  dublicate resource name 'arrow'  |  .\src\MyGUI_ResourceManager.cpp  |  107
23:47:27  |  Core  |  Warning  |  dublicate resource name 'beam'  |  .\src\MyGUI_ResourceManager.cpp  |  107
23:47:27  |  Core  |  Warning  |  dublicate resource name 'size_left'  |  .\src\MyGUI_ResourceManager.cpp  |  107
23:47:27  |  Core  |  Warning  |  dublicate resource name 'size_right'  |  .\src\MyGUI_ResourceManager.cpp  |  107
23:47:27  |  Core  |  Warning  |  dublicate resource name 'size_horz'  |  .\src\MyGUI_ResourceManager.cpp  |  107
23:47:27  |  Core  |  Warning  |  dublicate resource name 'size_vert'  |  .\src\MyGUI_ResourceManager.cpp  |  107
23:47:27  |  Core  |  Warning  |  dublicate resource name 'hand'  |  .\src\MyGUI_ResourceManager.cpp  |  107
23:47:27  |  Core  |  Warning  |  dublicate resource name 'link'  |  .\src\MyGUI_ResourceManager.cpp  |  107
23:47:27  |  Platform  |  Info  |  device D3D lost  |  .\DirectX\DirectXPlatform\src\MyGUI_DirectXRenderManager.cpp  |  260
23:47:27  |  Platform  |  Info  |  device D3D restore  |  .\DirectX\DirectXPlatform\src\MyGUI_DirectXRenderManager.cpp  |  270
23:47:27  |  Core  |  Info  |  Load ini file 'MyGUI_BlackBlueImages.xml'  |  .\src\MyGUI_ResourceManager.cpp  |  129
23:47:27  |  Core  |  Warning  |  dublicate resource name 'MultiListButtonImage'  |  .\src\MyGUI_ResourceManager.cpp  |  107
23:47:27  |  Core  |  Info  |  Load ini file 'MyGUI_BlackBlueSkins.xml'  |  .\src\MyGUI_ResourceManager.cpp  |  129
23:47:27  |  Core  |  Warning  |  dublicate resource name 'CheckBoxSkin'  |  .\src\MyGUI_ResourceManager.cpp  |  107
23:47:27  |  Core  |  Warning  |  dublicate resource name 'RadioButtonSkin'  |  .\src\MyGUI_ResourceManager.cpp  |  107
23:47:27  |  Core  |  Warning  |  dublicate resource name 'ButtonCloseSkin'  |  .\src\MyGUI_ResourceManager.cpp  |  107
23:47:27  |  Core  |  Warning  |  dublicate resource name 'ButtonDownSkin'  |  .\src\MyGUI_ResourceManager.cpp  |  107
23:47:27  |  Core  |  Warning  |  dublicate resource name 'ButtonUpSkin'  |  .\src\MyGUI_ResourceManager.cpp  |  107
23:47:27  |  Core  |  Warning  |  dublicate resource name 'ButtonLeftSkin'  |  .\src\MyGUI_ResourceManager.cpp  |  107
23:47:27  |  Core  |  Warning  |  dublicate resource name 'ButtonRightSkin'  |  .\src\MyGUI_ResourceManager.cpp  |  107
23:47:27  |  Core  |  Warning  |  dublicate resource name 'SliderTrackVSkin'  |  .\src\MyGUI_ResourceManager.cpp  |  107
23:47:27  |  Core  |  Warning  |  dublicate resource name 'ScrollTrackVSkin'  |  .\src\MyGUI_ResourceManager.cpp  |  107
23:47:27  |  Core  |  Warning  |  dublicate resource name 'SliderTrackHSkin'  |  .\src\MyGUI_ResourceManager.cpp  |  107
23:47:27  |  Core  |  Warning  |  dublicate resource name 'ScrollTrackHSkin'  |  .\src\MyGUI_ResourceManager.cpp  |  107
23:47:27  |  Core  |  Warning  |  dublicate resource name 'ButtonSkin'  |  .\src\MyGUI_ResourceManager.cpp  |  107
23:47:27  |  Core  |  Warning  |  dublicate resource name 'ButtonEmptySkin'  |  .\src\MyGUI_ResourceManager.cpp  |  107
23:47:27  |  Core  |  Warning  |  dublicate resource name 'EditBoxSkin'  |  .\src\MyGUI_ResourceManager.cpp  |  107
23:47:27  |  Core  |  Warning  |  dublicate resource name 'MenuBarSkin'  |  .\src\MyGUI_ResourceManager.cpp  |  107
23:47:27  |  Core  |  Warning  |  dublicate resource name 'MenuItemSkin'  |  .\src\MyGUI_ResourceManager.cpp  |  107
23:47:27  |  Core  |  Warning  |  dublicate resource name 'ScrollPanelHSkin'  |  .\src\MyGUI_ResourceManager.cpp  |  107
23:47:27  |  Core  |  Warning  |  dublicate resource name 'ScrollPanelVSkin'  |  .\src\MyGUI_ResourceManager.cpp  |  107
23:47:27  |  Core  |  Warning  |  dublicate resource name 'ListBoxItemSkin'  |  .\src\MyGUI_ResourceManager.cpp  |  107
23:47:27  |  Core  |  Warning  |  dublicate resource name 'SepDownHSkin'  |  .\src\MyGUI_ResourceManager.cpp  |  107
23:47:27  |  Core  |  Warning  |  dublicate resource name 'SepUpHSkin'  |  .\src\MyGUI_ResourceManager.cpp  |  107
23:47:27  |  Core  |  Warning  |  dublicate resource name 'SepDownVSkin'  |  .\src\MyGUI_ResourceManager.cpp  |  107
23:47:27  |  Core  |  Warning  |  dublicate resource name 'SepUpVSkin'  |  .\src\MyGUI_ResourceManager.cpp  |  107
23:47:27  |  Core  |  Warning  |  dublicate resource name 'ClientDefaultSkin'  |  .\src\MyGUI_ResourceManager.cpp  |  107
23:47:27  |  Core  |  Warning  |  dublicate resource name 'ClientTileSkin'  |  .\src\MyGUI_ResourceManager.cpp  |  107
23:47:27  |  Core  |  Warning  |  dublicate resource name 'PanelSkin'  |  .\src\MyGUI_ResourceManager.cpp  |  107
23:47:27  |  Core  |  Warning  |  dublicate resource name 'WhiteSkin'  |  .\src\MyGUI_ResourceManager.cpp  |  107
23:47:27  |  Core  |  Warning  |  dublicate resource name 'CaptionEmptySkin'  |  .\src\MyGUI_ResourceManager.cpp  |  107
23:47:27  |  Core  |  Warning  |  dublicate resource name 'CaptionSkin'  |  .\src\MyGUI_ResourceManager.cpp  |  107
23:47:27  |  Core  |  Warning  |  dublicate resource name 'CaptionWithButtonSkin'  |  .\src\MyGUI_ResourceManager.cpp  |  107
23:47:27  |  Core  |  Warning  |  dublicate resource name 'WindowFrameSkin'  |  .\src\MyGUI_ResourceManager.cpp  |  107
23:47:27  |  Core  |  Warning  |  dublicate resource name 'WindowResizeLeftDownSkin'  |  .\src\MyGUI_ResourceManager.cpp  |  107
23:47:27  |  Core  |  Warning  |  dublicate resource name 'WindowResizeRightDownSkin'  |  .\src\MyGUI_ResourceManager.cpp  |  107
23:47:27  |  Core  |  Warning  |  dublicate resource name 'TabHeaderButtonSkin'  |  .\src\MyGUI_ResourceManager.cpp  |  107
23:47:27  |  Core  |  Warning  |  dublicate resource name 'TabHeaderEmptySkin'  |  .\src\MyGUI_ResourceManager.cpp  |  107
23:47:27  |  Core  |  Warning  |  dublicate resource name 'TabPanelSkin'  |  .\src\MyGUI_ResourceManager.cpp  |  107
23:47:27  |  Core  |  Warning  |  dublicate resource name 'MenuItemNormalSkin'  |  .\src\MyGUI_ResourceManager.cpp  |  107
23:47:27  |  Core  |  Warning  |  dublicate resource name 'MenuItemPopupButtonSkin'  |  .\src\MyGUI_ResourceManager.cpp  |  107
23:47:27  |  Core  |  Warning  |  dublicate resource name 'MenuItemCheckButtonSkin'  |  .\src\MyGUI_ResourceManager.cpp  |  107
23:47:27  |  Core  |  Warning  |  dublicate resource name 'ProgressBarTrackHSkin'  |  .\src\MyGUI_ResourceManager.cpp  |  107
23:47:27  |  Core  |  Warning  |  dublicate resource name 'MultiListButtonSkin'  |  .\src\MyGUI_ResourceManager.cpp  |  107
23:47:27  |  Core  |  Info  |  Load ini file 'MyGUI_BlackBlueTemplates.xml'  |  .\src\MyGUI_ResourceManager.cpp  |  129
23:47:27  |  Core  |  Warning  |  dublicate resource name 'CheckBox'  |  .\src\MyGUI_ResourceManager.cpp  |  107
23:47:27  |  Core  |  Warning  |  dublicate resource name 'RadioButton'  |  .\src\MyGUI_ResourceManager.cpp  |  107
23:47:27  |  Core  |  Warning  |  dublicate resource name 'ScrollBarH'  |  .\src\MyGUI_ResourceManager.cpp  |  107
23:47:27  |  Core  |  Warning  |  dublicate resource name 'ScrollBarV'  |  .\src\MyGUI_ResourceManager.cpp  |  107
23:47:27  |  Core  |  Warning  |  dublicate resource name 'SliderH'  |  .\src\MyGUI_ResourceManager.cpp  |  107
23:47:27  |  Core  |  Warning  |  dublicate resource name 'SliderV'  |  .\src\MyGUI_ResourceManager.cpp  |  107
23:47:27  |  Core  |  Warning  |  dublicate resource name 'SliderHEmpty'  |  .\src\MyGUI_ResourceManager.cpp  |  107
23:47:27  |  Core  |  Warning  |  dublicate resource name 'SliderVEmpty'  |  .\src\MyGUI_ResourceManager.cpp  |  107
23:47:27  |  Core  |  Warning  |  dublicate resource name 'Button'  |  .\src\MyGUI_ResourceManager.cpp  |  107
23:47:27  |  Core  |  Warning  |  dublicate resource name 'ButtonImage'  |  .\src\MyGUI_ResourceManager.cpp  |  107
23:47:27  |  Core  |  Warning  |  dublicate resource name 'TextBox'  |  .\src\MyGUI_ResourceManager.cpp  |  107
23:47:27  |  Core  |  Warning  |  dublicate resource name 'EditBox'  |  .\src\MyGUI_ResourceManager.cpp  |  107
23:47:27  |  Core  |  Warning  |  dublicate resource name 'EditBoxStretch'  |  .\src\MyGUI_ResourceManager.cpp  |  107
23:47:27  |  Core  |  Warning  |  dublicate resource name 'EditBoxEmpty'  |  .\src\MyGUI_ResourceManager.cpp  |  107
23:47:27  |  Core  |  Warning  |  dublicate resource name 'WordWrapEmpty'  |  .\src\MyGUI_ResourceManager.cpp  |  107
23:47:27  |  Core  |  Warning  |  dublicate resource name 'ComboBox'  |  .\src\MyGUI_ResourceManager.cpp  |  107
23:47:27  |  Core  |  Warning  |  dublicate resource name 'Window'  |  .\src\MyGUI_ResourceManager.cpp  |  107
23:47:27  |  Core  |  Warning  |  dublicate resource name 'WindowC'  |  .\src\MyGUI_ResourceManager.cpp  |  107
23:47:27  |  Core  |  Warning  |  dublicate resource name 'WindowCS'  |  .\src\MyGUI_ResourceManager.cpp  |  107
23:47:27  |  Core  |  Warning  |  dublicate resource name 'WindowCX'  |  .\src\MyGUI_ResourceManager.cpp  |  107
23:47:27  |  Core  |  Warning  |  dublicate resource name 'WindowCSX'  |  .\src\MyGUI_ResourceManager.cpp  |  107
23:47:27  |  Core  |  Warning  |  dublicate resource name 'MenuBar'  |  .\src\MyGUI_ResourceManager.cpp  |  107
23:47:27  |  Core  |  Warning  |  dublicate resource name 'MenuBarButton'  |  .\src\MyGUI_ResourceManager.cpp  |  107
23:47:27  |  Core  |  Warning  |  dublicate resource name 'MenuBarSeparator'  |  .\src\MyGUI_ResourceManager.cpp  |  107
23:47:27  |  Core  |  Warning  |  dublicate resource name 'PopupMenu'  |  .\src\MyGUI_ResourceManager.cpp  |  107
23:47:27  |  Core  |  Warning  |  dublicate resource name 'PopupMenuSeparator'  |  .\src\MyGUI_ResourceManager.cpp  |  107
23:47:27  |  Core  |  Warning  |  dublicate resource name 'PopupMenuNormal'  |  .\src\MyGUI_ResourceManager.cpp  |  107
23:47:27  |  Core  |  Warning  |  dublicate resource name 'PopupMenuPopup'  |  .\src\MyGUI_ResourceManager.cpp  |  107
23:47:27  |  Core  |  Warning  |  dublicate resource name 'ProgressBar'  |  .\src\MyGUI_ResourceManager.cpp  |  107
23:47:27  |  Core  |  Warning  |  dublicate resource name 'ProgressBarFill'  |  .\src\MyGUI_ResourceManager.cpp  |  107
23:47:27  |  Core  |  Warning  |  dublicate resource name 'ListBoxItem'  |  .\src\MyGUI_ResourceManager.cpp  |  107
23:47:27  |  Core  |  Warning  |  dublicate resource name 'ListBox'  |  .\src\MyGUI_ResourceManager.cpp  |  107
23:47:27  |  Core  |  Warning  |  dublicate resource name 'ItemBox'  |  .\src\MyGUI_ResourceManager.cpp  |  107
23:47:27  |  Core  |  Warning  |  dublicate resource name 'ItemBoxEmpty'  |  .\src\MyGUI_ResourceManager.cpp  |  107
23:47:27  |  Core  |  Warning  |  dublicate resource name 'ScrollView'  |  .\src\MyGUI_ResourceManager.cpp  |  107
23:47:27  |  Core  |  Warning  |  dublicate resource name 'ScrollViewEmpty'  |  .\src\MyGUI_ResourceManager.cpp  |  107
23:47:27  |  Core  |  Warning  |  dublicate resource name 'TabHeaderButton'  |  .\src\MyGUI_ResourceManager.cpp  |  107
23:47:27  |  Core  |  Warning  |  dublicate resource name 'TabControl'  |  .\src\MyGUI_ResourceManager.cpp  |  107
23:47:27  |  Core  |  Warning  |  dublicate resource name 'MultiListBox'  |  .\src\MyGUI_ResourceManager.cpp  |  107
23:47:27  |  Core  |  Warning  |  dublicate resource name 'MultiListButton'  |  .\src\MyGUI_ResourceManager.cpp  |  107
23:47:27  |  Core  |  Warning  |  dublicate resource name 'MultiSubListBox'  |  .\src\MyGUI_ResourceManager.cpp  |  107
23:47:28  |  Platform  |  Info  |  device D3D lost  |  .\DirectX\DirectXPlatform\src\MyGUI_DirectXRenderManager.cpp  |  260
23:47:28  |  Platform  |  Info  |  device D3D restore  |  .\DirectX\DirectXPlatform\src\MyGUI_DirectXRenderManager.cpp  |  270
23:47:28  |  Platform  |  Info  |  device D3D lost  |  .\DirectX\DirectXPlatform\src\MyGUI_DirectXRenderManager.cpp  |  260
23:47:28  |  Platform  |  Info  |  device D3D restore  |  .\DirectX\DirectXPlatform\src\MyGUI_DirectXRenderManager.cpp  |  270
23:47:36  |  Core  |  Info  |  * Shutdown: Gui  |  .\src\MyGUI_Gui.cpp  |  148
23:47:36  |  Core  |  Info  |  * Shutdown: PointerManager  |  .\src\MyGUI_PointerManager.cpp  |  84
23:47:36  |  Core  |  Info  |  PointerManager successfully shutdown  |  .\src\MyGUI_PointerManager.cpp  |  101
23:47:36  |  Core  |  Info  |  * Shutdown: InputManager  |  .\src\MyGUI_InputManager.cpp  |  86
23:47:36  |  Core  |  Info  |  InputManager successfully shutdown  |  .\src\MyGUI_InputManager.cpp  |  91
23:47:36  |  Core  |  Info  |  * Shutdown: SkinManager  |  .\src\MyGUI_SkinManager.cpp  |  68
23:47:36  |  Core  |  Info  |  SkinManager successfully shutdown  |  .\src\MyGUI_SkinManager.cpp  |  75
23:47:36  |  Core  |  Info  |  * Shutdown: SubWidgetManager  |  .\src\MyGUI_SubWidgetManager.cpp  |  78
23:47:36  |  Core  |  Info  |  SubWidgetManager successfully shutdown  |  .\src\MyGUI_SubWidgetManager.cpp  |  98
23:47:36  |  Core  |  Info  |  * Shutdown: LayerManager  |  .\src\MyGUI_LayerManager.cpp  |  63
23:47:36  |  Core  |  Info  |  destroy layer 'Wallpaper'  |  .\src\MyGUI_LayerManager.cpp  |  206
23:47:36  |  Core  |  Info  |  destroy layer 'Back'  |  .\src\MyGUI_LayerManager.cpp  |  206
23:47:36  |  Core  |  Info  |  destroy layer 'Overlapped'  |  .\src\MyGUI_LayerManager.cpp  |  206
23:47:36  |  Core  |  Info  |  destroy layer 'Middle'  |  .\src\MyGUI_LayerManager.cpp  |  206
23:47:36  |  Core  |  Info  |  destroy layer 'Modal'  |  .\src\MyGUI_LayerManager.cpp  |  206
23:47:36  |  Core  |  Info  |  destroy layer 'Main'  |  .\src\MyGUI_LayerManager.cpp  |  206
23:47:36  |  Core  |  Info  |  destroy layer 'Popup'  |  .\src\MyGUI_LayerManager.cpp  |  206
23:47:36  |  Core  |  Info  |  destroy layer 'FadeMiddle'  |  .\src\MyGUI_LayerManager.cpp  |  206
23:47:36  |  Core  |  Info  |  destroy layer 'Info'  |  .\src\MyGUI_LayerManager.cpp  |  206
23:47:36  |  Core  |  Info  |  destroy layer 'ToolTip'  |  .\src\MyGUI_LayerManager.cpp  |  206
23:47:36  |  Core  |  Info  |  destroy layer 'DragAndDrop'  |  .\src\MyGUI_LayerManager.cpp  |  206
23:47:36  |  Core  |  Info  |  destroy layer 'FadeBusy'  |  .\src\MyGUI_LayerManager.cpp  |  206
23:47:36  |  Core  |  Info  |  destroy layer 'Pointer'  |  .\src\MyGUI_LayerManager.cpp  |  206
23:47:36  |  Core  |  Info  |  destroy layer 'Fade'  |  .\src\MyGUI_LayerManager.cpp  |  206
23:47:36  |  Core  |  Info  |  destroy layer 'Statistic'  |  .\src\MyGUI_LayerManager.cpp  |  206
23:47:36  |  Core  |  Info  |  LayerManager successfully shutdown  |  .\src\MyGUI_LayerManager.cpp  |  74
23:47:36  |  Core  |  Info  |  * Shutdown: FontManager  |  .\src\MyGUI_FontManager.cpp  |  64
23:47:36  |  Core  |  Info  |  FontManager successfully shutdown  |  .\src\MyGUI_FontManager.cpp  |  72
23:47:36  |  Core  |  Info  |  * Shutdown: ControllerManager  |  .\src\MyGUI_ControllerManager.cpp  |  62
23:47:36  |  Core  |  Info  |  ControllerManager successfully shutdown  |  .\src\MyGUI_ControllerManager.cpp  |  71
23:47:36  |  Core  |  Info  |  * Shutdown: ClipboardManager  |  .\src\MyGUI_ClipboardManager.cpp  |  108
23:47:36  |  Core  |  Info  |  ClipboardManager successfully shutdown  |  .\src\MyGUI_ClipboardManager.cpp  |  110
23:47:36  |  Core  |  Info  |  * Shutdown: LayoutManager  |  .\src\MyGUI_LayoutManager.cpp  |  57
23:47:36  |  Core  |  Info  |  LayoutManager successfully shutdown  |  .\src\MyGUI_LayoutManager.cpp  |  64
23:47:36  |  Core  |  Info  |  * Shutdown: PluginManager  |  .\src\MyGUI_PluginManager.cpp  |  56
23:47:36  |  Core  |  Info  |  PluginManager successfully shutdown  |  .\src\MyGUI_PluginManager.cpp  |  61
23:47:36  |  Core  |  Info  |  * Shutdown: DynLibManager  |  .\src\MyGUI_DynLibManager.cpp  |  52
23:47:36  |  Core  |  Info  |  DynLibManager successfully shutdown  |  .\src\MyGUI_DynLibManager.cpp  |  59
23:47:36  |  Core  |  Info  |  * Shutdown: LanguageManager  |  .\src\MyGUI_LanguageManager.cpp  |  56
23:47:36  |  Core  |  Info  |  LanguageManager successfully shutdown  |  .\src\MyGUI_LanguageManager.cpp  |  60
23:47:36  |  Core  |  Info  |  * Shutdown: ResourceManager  |  .\src\MyGUI_ResourceManager.cpp  |  62
23:47:36  |  Core  |  Info  |  ResourceManager successfully shutdown  |  .\src\MyGUI_ResourceManager.cpp  |  72
23:47:36  |  Core  |  Info  |  * Shutdown: FactoryManager  |  .\src\MyGUI_FactoryManager.cpp  |  49
23:47:36  |  Core  |  Info  |  FactoryManager successfully shutdown  |  .\src\MyGUI_FactoryManager.cpp  |  51
23:47:36  |  Core  |  Info  |  * Shutdown: ToolTipManager  |  .\src\MyGUI_ToolTipManager.cpp  |  67
23:47:36  |  Core  |  Info  |  ToolTipManager successfully shutdown  |  .\src\MyGUI_ToolTipManager.cpp  |  72
23:47:36  |  Core  |  Info  |  * Shutdown: WidgetManager  |  .\src\MyGUI_WidgetManager.cpp  |  106
23:47:36  |  Core  |  Info  |  WidgetManager successfully shutdown  |  .\src\MyGUI_WidgetManager.cpp  |  115
23:47:36  |  Core  |  Info  |  Gui successfully shutdown  |  .\src\MyGUI_Gui.cpp  |  194
23:47:36  |  Platform  |  Info  |  * Shutdown: RenderManager  |  .\DirectX\DirectXPlatform\src\MyGUI_DirectXRenderManager.cpp  |  61
23:47:36  |  Platform  |  Info  |  RenderManager successfully shutdown  |  .\DirectX\DirectXPlatform\src\MyGUI_DirectXRenderManager.cpp  |  66
23:47:36  |  Platform  |  Info  |  * Shutdown: DataManager  |  .\DirectX\DirectXPlatform\src\MyGUI_DirectXDataManager.cpp  |  33
23:47:36  |  Platform  |  Info  |  DataManager successfully shutdown  |  .\DirectX\DirectXPlatform\src\MyGUI_DirectXDataManager.cpp  |  35
